{"C:\\Users\\iqbal\\AndroidStudioProjects\\coronatracker\\App.js": {"path":"C:\\Users\\iqbal\\AndroidStudioProjects\\coronatracker\\App.js","statementMap":{"0":{"start":{"line":1,"column":13},"end":{"line":1,"column":75}},"1":{"start":{"line":1,"column":75},"end":{"line":1,"column":103}},"2":{"start":{"line":9,"column":13},"end":{"line":9,"column":54}},"3":{"start":{"line":10,"column":19},"end":{"line":10,"column":42}},"4":{"start":{"line":18,"column":18},"end":{"line":18,"column":40}},"5":{"start":{"line":19,"column":28},"end":{"line":19,"column":62}},"6":{"start":{"line":20,"column":23},"end":{"line":20,"column":76}},"7":{"start":{"line":21,"column":33},"end":{"line":21,"column":96}},"8":{"start":{"line":22,"column":11},"end":{"line":22,"column":60}},"9":{"start":{"line":22,"column":80},"end":{"line":22,"column":144}},"10":{"start":{"line":22,"column":183},"end":{"line":22,"column":239}},"11":{"start":{"line":22,"column":277},"end":{"line":22,"column":324}},"12":{"start":{"line":22,"column":312},"end":{"line":22,"column":324}},"13":{"start":{"line":22,"column":336},"end":{"line":22,"column":349}},"14":{"start":{"line":22,"column":350},"end":{"line":22,"column":429}},"15":{"start":{"line":22,"column":414},"end":{"line":22,"column":427}},"16":{"start":{"line":22,"column":429},"end":{"line":22,"column":442}},"17":{"start":{"line":22,"column":482},"end":{"line":22,"column":522}},"18":{"start":{"line":22,"column":510},"end":{"line":22,"column":521}},"19":{"start":{"line":22,"column":522},"end":{"line":22,"column":626}},"20":{"start":{"line":22,"column":599},"end":{"line":22,"column":625}},"21":{"start":{"line":22,"column":638},"end":{"line":22,"column":664}},"22":{"start":{"line":22,"column":665},"end":{"line":22,"column":718}},"23":{"start":{"line":22,"column":695},"end":{"line":22,"column":717}},"24":{"start":{"line":22,"column":731},"end":{"line":22,"column":733}},"25":{"start":{"line":22,"column":762},"end":{"line":22,"column":818}},"26":{"start":{"line":22,"column":819},"end":{"line":22,"column":1090}},"27":{"start":{"line":22,"column":841},"end":{"line":22,"column":1089}},"28":{"start":{"line":22,"column":905},"end":{"line":22,"column":977}},"29":{"start":{"line":22,"column":978},"end":{"line":22,"column":1088}},"30":{"start":{"line":22,"column":1015},"end":{"line":22,"column":1056}},"31":{"start":{"line":22,"column":1064},"end":{"line":22,"column":1087}},"32":{"start":{"line":22,"column":1090},"end":{"line":22,"column":1114}},"33":{"start":{"line":22,"column":1114},"end":{"line":22,"column":1150}},"34":{"start":{"line":22,"column":1126},"end":{"line":22,"column":1149}},"35":{"start":{"line":22,"column":1150},"end":{"line":22,"column":1164}},"36":{"start":{"line":22,"column":1214},"end":{"line":22,"column":1607}},"37":{"start":{"line":22,"column":1336},"end":{"line":22,"column":1389}},"38":{"start":{"line":22,"column":1369},"end":{"line":22,"column":1387}},"39":{"start":{"line":22,"column":1397},"end":{"line":22,"column":1606}},"40":{"start":{"line":22,"column":1430},"end":{"line":22,"column":1604}},"41":{"start":{"line":22,"column":1607},"end":{"line":22,"column":1627}},"42":{"start":{"line":22,"column":1704},"end":{"line":22,"column":1796}},"43":{"start":{"line":22,"column":1720},"end":{"line":22,"column":1733}},"44":{"start":{"line":22,"column":1746},"end":{"line":22,"column":1756}},"45":{"start":{"line":22,"column":1774},"end":{"line":22,"column":1788}},"46":{"start":{"line":22,"column":1788},"end":{"line":22,"column":1795}},"47":{"start":{"line":22,"column":1796},"end":{"line":22,"column":1879}},"48":{"start":{"line":22,"column":1812},"end":{"line":22,"column":1827}},"49":{"start":{"line":22,"column":1835},"end":{"line":22,"column":1878}},"50":{"start":{"line":22,"column":1912},"end":{"line":22,"column":2253}},"51":{"start":{"line":22,"column":1943},"end":{"line":22,"column":1947}},"52":{"start":{"line":22,"column":1955},"end":{"line":22,"column":1964}},"53":{"start":{"line":22,"column":1965},"end":{"line":22,"column":2251}},"54":{"start":{"line":22,"column":2022},"end":{"line":22,"column":2042}},"55":{"start":{"line":22,"column":2066},"end":{"line":22,"column":2137}},"56":{"start":{"line":22,"column":2160},"end":{"line":22,"column":2230}},"57":{"start":{"line":22,"column":2231},"end":{"line":22,"column":2248}},"58":{"start":{"line":22,"column":2303},"end":{"line":22,"column":2402}},"59":{"start":{"line":22,"column":2344},"end":{"line":22,"column":2401}},"60":{"start":{"line":22,"column":2446},"end":{"line":22,"column":2711}},"61":{"start":{"line":22,"column":2459},"end":{"line":22,"column":2460}},"62":{"start":{"line":22,"column":2503},"end":{"line":22,"column":2511}},"63":{"start":{"line":22,"column":2512},"end":{"line":22,"column":2567}},"64":{"start":{"line":22,"column":2567},"end":{"line":22,"column":2598}},"65":{"start":{"line":22,"column":2598},"end":{"line":22,"column":2652}},"66":{"start":{"line":22,"column":2625},"end":{"line":22,"column":2652}},"67":{"start":{"line":22,"column":2652},"end":{"line":22,"column":2710}},"68":{"start":{"line":22,"column":2773},"end":{"line":22,"column":2842}},"69":{"start":{"line":22,"column":2789},"end":{"line":22,"column":2842}},"70":{"start":{"line":22,"column":2842},"end":{"line":22,"column":2903}},"71":{"start":{"line":22,"column":2859},"end":{"line":22,"column":2903}},"72":{"start":{"line":22,"column":2903},"end":{"line":22,"column":2922}},"73":{"start":{"line":22,"column":2965},"end":{"line":22,"column":3102}},"74":{"start":{"line":22,"column":3027},"end":{"line":22,"column":3101}},"75":{"start":{"line":22,"column":3102},"end":{"line":22,"column":3247}},"76":{"start":{"line":22,"column":3247},"end":{"line":22,"column":3301}},"77":{"start":{"line":22,"column":3263},"end":{"line":22,"column":3301}},"78":{"start":{"line":22,"column":3334},"end":{"line":22,"column":3436}},"79":{"start":{"line":22,"column":3409},"end":{"line":22,"column":3425}},"80":{"start":{"line":22,"column":3425},"end":{"line":22,"column":3434}},"81":{"start":{"line":22,"column":3436},"end":{"line":22,"column":3465}},"82":{"start":{"line":22,"column":3530},"end":{"line":22,"column":3557}},"83":{"start":{"line":22,"column":3558},"end":{"line":22,"column":3857}},"84":{"start":{"line":22,"column":3590},"end":{"line":22,"column":3614}},"85":{"start":{"line":22,"column":3622},"end":{"line":22,"column":3807}},"86":{"start":{"line":22,"column":3670},"end":{"line":22,"column":3703}},"87":{"start":{"line":22,"column":3704},"end":{"line":22,"column":3760}},"88":{"start":{"line":22,"column":3768},"end":{"line":22,"column":3806}},"89":{"start":{"line":22,"column":3807},"end":{"line":22,"column":3855}},"90":{"start":{"line":22,"column":3907},"end":{"line":22,"column":3993}},"91":{"start":{"line":22,"column":3980},"end":{"line":22,"column":3992}},"92":{"start":{"line":22,"column":3993},"end":{"line":22,"column":4029}},"93":{"start":{"line":22,"column":4069},"end":{"line":22,"column":4178}},"94":{"start":{"line":22,"column":4091},"end":{"line":22,"column":4177}},"95":{"start":{"line":22,"column":4178},"end":{"line":22,"column":4190}},"96":{"start":{"line":22,"column":4229},"end":{"line":22,"column":4300}},"97":{"start":{"line":22,"column":4287},"end":{"line":22,"column":4300}},"98":{"start":{"line":22,"column":4300},"end":{"line":22,"column":4341}},"99":{"start":{"line":22,"column":4328},"end":{"line":22,"column":4341}},"100":{"start":{"line":22,"column":4341},"end":{"line":22,"column":4386}},"101":{"start":{"line":22,"column":4374},"end":{"line":22,"column":4386}},"102":{"start":{"line":22,"column":4386},"end":{"line":22,"column":4504}},"103":{"start":{"line":22,"column":4391},"end":{"line":22,"column":4465}},"104":{"start":{"line":22,"column":4465},"end":{"line":22,"column":4477}},"105":{"start":{"line":22,"column":4490},"end":{"line":22,"column":4503}},"106":{"start":{"line":22,"column":4534},"end":{"line":22,"column":4678}},"107":{"start":{"line":22,"column":4629},"end":{"line":22,"column":4676}},"108":{"start":{"line":22,"column":4678},"end":{"line":22,"column":4704}},"109":{"start":{"line":24,"column":6},"end":{"line":239,"column":40}},"110":{"start":{"line":24,"column":29},"end":{"line":24,"column":56}},"111":{"start":{"line":24,"column":69},"end":{"line":24,"column":86}},"112":{"start":{"line":25,"column":33},"end":{"line":25,"column":60}},"113":{"start":{"line":26,"column":4},"end":{"line":26,"column":37}},"114":{"start":{"line":26,"column":37},"end":{"line":42,"column":98}},"115":{"start":{"line":41,"column":86},"end":{"line":42,"column":94}},"116":{"start":{"line":41,"column":146},"end":{"line":42,"column":82}},"117":{"start":{"line":41,"column":157},"end":{"line":42,"column":81}},"118":{"start":{"line":41,"column":204},"end":{"line":41,"column":222}},"119":{"start":{"line":41,"column":222},"end":{"line":42,"column":39}},"120":{"start":{"line":42,"column":57},"end":{"line":42,"column":80}},"121":{"start":{"line":42,"column":98},"end":{"line":61,"column":147}},"122":{"start":{"line":45,"column":39},"end":{"line":61,"column":82}},"123":{"start":{"line":45,"column":126},"end":{"line":61,"column":79}},"124":{"start":{"line":45,"column":188},"end":{"line":61,"column":66}},"125":{"start":{"line":45,"column":199},"end":{"line":61,"column":65}},"126":{"start":{"line":46,"column":16},"end":{"line":46,"column":52}},"127":{"start":{"line":48,"column":16},"end":{"line":48,"column":32}},"128":{"start":{"line":49,"column":16},"end":{"line":49,"column":55}},"129":{"start":{"line":50,"column":16},"end":{"line":52,"column":17}},"130":{"start":{"line":51,"column":18},"end":{"line":51,"column":54}},"131":{"start":{"line":52,"column":17},"end":{"line":52,"column":36}},"132":{"start":{"line":52,"column":36},"end":{"line":61,"column":22}},"133":{"start":{"line":55,"column":20},"end":{"line":60,"column":21}},"134":{"start":{"line":56,"column":22},"end":{"line":56,"column":65}},"135":{"start":{"line":58,"column":22},"end":{"line":58,"column":59}},"136":{"start":{"line":59,"column":22},"end":{"line":59,"column":44}},"137":{"start":{"line":61,"column":40},"end":{"line":61,"column":64}},"138":{"start":{"line":61,"column":83},"end":{"line":61,"column":143}},"139":{"start":{"line":61,"column":105},"end":{"line":61,"column":141}},"140":{"start":{"line":61,"column":147},"end":{"line":91,"column":81}},"141":{"start":{"line":64,"column":83},"end":{"line":91,"column":77}},"142":{"start":{"line":64,"column":145},"end":{"line":91,"column":64}},"143":{"start":{"line":64,"column":156},"end":{"line":91,"column":63}},"144":{"start":{"line":64,"column":205},"end":{"line":64,"column":224}},"145":{"start":{"line":64,"column":224},"end":{"line":91,"column":20}},"146":{"start":{"line":67,"column":18},"end":{"line":90,"column":19}},"147":{"start":{"line":68,"column":33},"end":{"line":68,"column":47}},"148":{"start":{"line":70,"column":38},"end":{"line":70,"column":40}},"149":{"start":{"line":71,"column":34},"end":{"line":71,"column":36}},"150":{"start":{"line":72,"column":20},"end":{"line":80,"column":23}},"151":{"start":{"line":73,"column":22},"end":{"line":79,"column":23}},"152":{"start":{"line":74,"column":24},"end":{"line":76,"column":52}},"153":{"start":{"line":78,"column":24},"end":{"line":78,"column":53}},"154":{"start":{"line":82,"column":20},"end":{"line":83,"column":50}},"155":{"start":{"line":86,"column":20},"end":{"line":86,"column":57}},"156":{"start":{"line":88,"column":20},"end":{"line":88,"column":57}},"157":{"start":{"line":89,"column":20},"end":{"line":89,"column":42}},"158":{"start":{"line":91,"column":38},"end":{"line":91,"column":62}},"159":{"start":{"line":91,"column":81},"end":{"line":126,"column":6}},"160":{"start":{"line":95,"column":21},"end":{"line":99,"column":44}},"161":{"start":{"line":102,"column":24},"end":{"line":102,"column":51}},"162":{"start":{"line":103,"column":19},"end":{"line":103,"column":21}},"163":{"start":{"line":105,"column":6},"end":{"line":118,"column":7}},"164":{"start":{"line":106,"column":8},"end":{"line":114,"column":11}},"165":{"start":{"line":107,"column":10},"end":{"line":112,"column":38}},"166":{"start":{"line":116,"column":8},"end":{"line":116,"column":31}},"167":{"start":{"line":117,"column":8},"end":{"line":117,"column":45}},"168":{"start":{"line":120,"column":6},"end":{"line":124,"column":32}},"169":{"start":{"line":126,"column":6},"end":{"line":126,"column":26}},"170":{"start":{"line":126,"column":26},"end":{"line":126,"column":49}},"171":{"start":{"line":126,"column":49},"end":{"line":126,"column":273}},"172":{"start":{"line":126,"column":273},"end":{"line":126,"column":286}},"173":{"start":{"line":126,"column":287},"end":{"line":239,"column":10}},"174":{"start":{"line":129,"column":6},"end":{"line":129,"column":35}},"175":{"start":{"line":130,"column":6},"end":{"line":130,"column":42}},"176":{"start":{"line":133,"column":18},"end":{"line":133,"column":22}},"177":{"start":{"line":134,"column":24},"end":{"line":134,"column":54}},"178":{"start":{"line":135,"column":17},"end":{"line":135,"column":102}},"179":{"start":{"line":136,"column":20},"end":{"line":141,"column":25}},"180":{"start":{"line":136,"column":54},"end":{"line":141,"column":23}},"181":{"start":{"line":143,"column":6},"end":{"line":233,"column":114}},"182":{"start":{"line":162,"column":56},"end":{"line":162,"column":85}},"183":{"start":{"line":166,"column":29},"end":{"line":167,"column":216}},"184":{"start":{"line":204,"column":36},"end":{"line":204,"column":58}},"185":{"start":{"line":213,"column":69},"end":{"line":213,"column":99}},"186":{"start":{"line":214,"column":54},"end":{"line":224,"column":221}},"187":{"start":{"line":217,"column":40},"end":{"line":217,"column":65}},"188":{"start":{"line":231,"column":36},"end":{"line":231,"column":58}},"189":{"start":{"line":239,"column":10},"end":{"line":239,"column":21}},"190":{"start":{"line":242,"column":13},"end":{"line":283,"column":18}},"191":{"start":{"line":287,"column":0},"end":{"line":287,"column":3}},"192":{"start":{"line":287,"column":4},"end":{"line":287,"column":34}}},"fnMap":{"0":{"name":"_interopRequireDefault","decl":{"start":{"line":22,"column":154},"end":{"line":22,"column":176}},"loc":{"start":{"line":22,"column":182},"end":{"line":22,"column":240}},"line":22},"1":{"name":"_getRequireWildcardCache","decl":{"start":{"line":22,"column":249},"end":{"line":22,"column":273}},"loc":{"start":{"line":22,"column":276},"end":{"line":22,"column":443}},"line":22},"2":{"name":"_getRequireWildcardCache","decl":{"start":{"line":22,"column":386},"end":{"line":22,"column":410}},"loc":{"start":{"line":22,"column":413},"end":{"line":22,"column":428}},"line":22},"3":{"name":"_interopRequireWildcard","decl":{"start":{"line":22,"column":452},"end":{"line":22,"column":475}},"loc":{"start":{"line":22,"column":481},"end":{"line":22,"column":1165}},"line":22},"4":{"name":"_typeof","decl":{"start":{"line":22,"column":1174},"end":{"line":22,"column":1181}},"loc":{"start":{"line":22,"column":1187},"end":{"line":22,"column":1628}},"line":22},"5":{"name":"_typeof","decl":{"start":{"line":22,"column":1355},"end":{"line":22,"column":1362}},"loc":{"start":{"line":22,"column":1368},"end":{"line":22,"column":1388}},"line":22},"6":{"name":"_typeof","decl":{"start":{"line":22,"column":1416},"end":{"line":22,"column":1423}},"loc":{"start":{"line":22,"column":1429},"end":{"line":22,"column":1605}},"line":22},"7":{"name":"asyncGeneratorStep","decl":{"start":{"line":22,"column":1637},"end":{"line":22,"column":1655}},"loc":{"start":{"line":22,"column":1703},"end":{"line":22,"column":1880}},"line":22},"8":{"name":"_asyncToGenerator","decl":{"start":{"line":22,"column":1889},"end":{"line":22,"column":1906}},"loc":{"start":{"line":22,"column":1911},"end":{"line":22,"column":2254}},"line":22},"9":{"name":"(anonymous_9)","decl":{"start":{"line":22,"column":1919},"end":{"line":22,"column":1920}},"loc":{"start":{"line":22,"column":1931},"end":{"line":22,"column":2252}},"line":22},"10":{"name":"(anonymous_10)","decl":{"start":{"line":22,"column":1984},"end":{"line":22,"column":1985}},"loc":{"start":{"line":22,"column":2011},"end":{"line":22,"column":2249}},"line":22},"11":{"name":"_next","decl":{"start":{"line":22,"column":2052},"end":{"line":22,"column":2057}},"loc":{"start":{"line":22,"column":2065},"end":{"line":22,"column":2138}},"line":22},"12":{"name":"_throw","decl":{"start":{"line":22,"column":2147},"end":{"line":22,"column":2153}},"loc":{"start":{"line":22,"column":2159},"end":{"line":22,"column":2231}},"line":22},"13":{"name":"_classCallCheck","decl":{"start":{"line":22,"column":2263},"end":{"line":22,"column":2278}},"loc":{"start":{"line":22,"column":2302},"end":{"line":22,"column":2403}},"line":22},"14":{"name":"_defineProperties","decl":{"start":{"line":22,"column":2412},"end":{"line":22,"column":2429}},"loc":{"start":{"line":22,"column":2445},"end":{"line":22,"column":2712}},"line":22},"15":{"name":"_createClass","decl":{"start":{"line":22,"column":2721},"end":{"line":22,"column":2733}},"loc":{"start":{"line":22,"column":2772},"end":{"line":22,"column":2923}},"line":22},"16":{"name":"_inherits","decl":{"start":{"line":22,"column":2932},"end":{"line":22,"column":2941}},"loc":{"start":{"line":22,"column":2964},"end":{"line":22,"column":3302}},"line":22},"17":{"name":"_setPrototypeOf","decl":{"start":{"line":22,"column":3311},"end":{"line":22,"column":3326}},"loc":{"start":{"line":22,"column":3333},"end":{"line":22,"column":3466}},"line":22},"18":{"name":"_setPrototypeOf","decl":{"start":{"line":22,"column":3386},"end":{"line":22,"column":3401}},"loc":{"start":{"line":22,"column":3408},"end":{"line":22,"column":3435}},"line":22},"19":{"name":"_createSuper","decl":{"start":{"line":22,"column":3475},"end":{"line":22,"column":3487}},"loc":{"start":{"line":22,"column":3497},"end":{"line":22,"column":3858}},"line":22},"20":{"name":"(anonymous_20)","decl":{"start":{"line":22,"column":3565},"end":{"line":22,"column":3566}},"loc":{"start":{"line":22,"column":3577},"end":{"line":22,"column":3856}},"line":22},"21":{"name":"_possibleConstructorReturn","decl":{"start":{"line":22,"column":3867},"end":{"line":22,"column":3893}},"loc":{"start":{"line":22,"column":3906},"end":{"line":22,"column":4030}},"line":22},"22":{"name":"_assertThisInitialized","decl":{"start":{"line":22,"column":4039},"end":{"line":22,"column":4061}},"loc":{"start":{"line":22,"column":4068},"end":{"line":22,"column":4191}},"line":22},"23":{"name":"_isNativeReflectConstruct","decl":{"start":{"line":22,"column":4200},"end":{"line":22,"column":4225}},"loc":{"start":{"line":22,"column":4228},"end":{"line":22,"column":4505}},"line":22},"24":{"name":"(anonymous_24)","decl":{"start":{"line":22,"column":4448},"end":{"line":22,"column":4449}},"loc":{"start":{"line":22,"column":4460},"end":{"line":22,"column":4462}},"line":22},"25":{"name":"_getPrototypeOf","decl":{"start":{"line":22,"column":4514},"end":{"line":22,"column":4529}},"loc":{"start":{"line":22,"column":4533},"end":{"line":22,"column":4705}},"line":22},"26":{"name":"_getPrototypeOf","decl":{"start":{"line":22,"column":4609},"end":{"line":22,"column":4624}},"loc":{"start":{"line":22,"column":4628},"end":{"line":22,"column":4677}},"line":22},"27":{"name":"(anonymous_27)","decl":{"start":{"line":24,"column":6},"end":{"line":24,"column":7}},"loc":{"start":{"line":24,"column":28},"end":{"line":239,"column":22}},"line":24},"28":{"name":"App","decl":{"start":{"line":25,"column":11},"end":{"line":25,"column":14}},"loc":{"start":{"line":25,"column":22},"end":{"line":126,"column":287}},"line":25},"29":{"name":"_callee","decl":{"start":{"line":41,"column":75},"end":{"line":41,"column":82}},"loc":{"start":{"line":41,"column":85},"end":{"line":42,"column":95}},"line":41},"30":{"name":"_callee$","decl":{"start":{"line":41,"column":126},"end":{"line":41,"column":134}},"loc":{"start":{"line":41,"column":145},"end":{"line":42,"column":83}},"line":41},"31":{"name":"(anonymous_31)","decl":{"start":{"line":45,"column":14},"end":{"line":45,"column":15}},"loc":{"start":{"line":45,"column":26},"end":{"line":61,"column":144}},"line":45},"32":{"name":"_callee2","decl":{"start":{"line":45,"column":90},"end":{"line":45,"column":98}},"loc":{"start":{"line":45,"column":110},"end":{"line":61,"column":80}},"line":45},"33":{"name":"_callee2$","decl":{"start":{"line":45,"column":166},"end":{"line":45,"column":175}},"loc":{"start":{"line":45,"column":187},"end":{"line":61,"column":67}},"line":45},"34":{"name":"(anonymous_34)","decl":{"start":{"line":54,"column":23},"end":{"line":54,"column":24}},"loc":{"start":{"line":54,"column":43},"end":{"line":61,"column":19}},"line":54},"35":{"name":"(anonymous_35)","decl":{"start":{"line":61,"column":90},"end":{"line":61,"column":91}},"loc":{"start":{"line":61,"column":104},"end":{"line":61,"column":142}},"line":61},"36":{"name":"_callee3","decl":{"start":{"line":64,"column":71},"end":{"line":64,"column":79}},"loc":{"start":{"line":64,"column":82},"end":{"line":91,"column":78}},"line":64},"37":{"name":"_callee3$","decl":{"start":{"line":64,"column":123},"end":{"line":64,"column":132}},"loc":{"start":{"line":64,"column":144},"end":{"line":91,"column":65}},"line":64},"38":{"name":"(anonymous_38)","decl":{"start":{"line":66,"column":21},"end":{"line":66,"column":22}},"loc":{"start":{"line":66,"column":41},"end":{"line":91,"column":17}},"line":66},"39":{"name":"(anonymous_39)","decl":{"start":{"line":72,"column":41},"end":{"line":72,"column":42}},"loc":{"start":{"line":72,"column":58},"end":{"line":80,"column":21}},"line":72},"40":{"name":"(anonymous_40)","decl":{"start":{"line":94,"column":16},"end":{"line":94,"column":17}},"loc":{"start":{"line":94,"column":45},"end":{"line":126,"column":5}},"line":94},"41":{"name":"(anonymous_41)","decl":{"start":{"line":106,"column":29},"end":{"line":106,"column":30}},"loc":{"start":{"line":106,"column":46},"end":{"line":114,"column":9}},"line":106},"42":{"name":"renderCallout","decl":{"start":{"line":126,"column":346},"end":{"line":126,"column":359}},"loc":{"start":{"line":128,"column":4},"end":{"line":131,"column":5}},"line":128},"43":{"name":"render","decl":{"start":{"line":131,"column":42},"end":{"line":131,"column":48}},"loc":{"start":{"line":133,"column":4},"end":{"line":239,"column":5}},"line":133},"44":{"name":"(anonymous_44)","decl":{"start":{"line":136,"column":29},"end":{"line":136,"column":30}},"loc":{"start":{"line":136,"column":53},"end":{"line":141,"column":24}},"line":136},"45":{"name":"onValueChange","decl":{"start":{"line":162,"column":34},"end":{"line":162,"column":47}},"loc":{"start":{"line":162,"column":55},"end":{"line":162,"column":86}},"line":162},"46":{"name":"(anonymous_46)","decl":{"start":{"line":166,"column":12},"end":{"line":166,"column":13}},"loc":{"start":{"line":166,"column":28},"end":{"line":167,"column":217}},"line":166},"47":{"name":"ref","decl":{"start":{"line":204,"column":24},"end":{"line":204,"column":27}},"loc":{"start":{"line":204,"column":35},"end":{"line":204,"column":59}},"line":204},"48":{"name":"onRegionChangeComplete","decl":{"start":{"line":213,"column":43},"end":{"line":213,"column":65}},"loc":{"start":{"line":213,"column":68},"end":{"line":213,"column":100}},"line":213},"49":{"name":"(anonymous_49)","decl":{"start":{"line":214,"column":30},"end":{"line":214,"column":31}},"loc":{"start":{"line":214,"column":53},"end":{"line":224,"column":222}},"line":214},"50":{"name":"ref","decl":{"start":{"line":217,"column":28},"end":{"line":217,"column":31}},"loc":{"start":{"line":217,"column":39},"end":{"line":217,"column":66}},"line":217},"51":{"name":"ref","decl":{"start":{"line":231,"column":24},"end":{"line":231,"column":27}},"loc":{"start":{"line":231,"column":35},"end":{"line":231,"column":59}},"line":231}},"branchMap":{"0":{"loc":{"start":{"line":22,"column":190},"end":{"line":22,"column":238}},"type":"cond-expr","locations":[{"start":{"line":22,"column":214},"end":{"line":22,"column":217}},{"start":{"line":22,"column":220},"end":{"line":22,"column":238}}],"line":22},"1":{"loc":{"start":{"line":22,"column":190},"end":{"line":22,"column":211}},"type":"binary-expr","locations":[{"start":{"line":22,"column":190},"end":{"line":22,"column":193}},{"start":{"line":22,"column":197},"end":{"line":22,"column":211}}],"line":22},"2":{"loc":{"start":{"line":22,"column":277},"end":{"line":22,"column":324}},"type":"if","locations":[{"start":{"line":22,"column":277},"end":{"line":22,"column":324}},{"start":{"line":22,"column":277},"end":{"line":22,"column":324}}],"line":22},"3":{"loc":{"start":{"line":22,"column":482},"end":{"line":22,"column":522}},"type":"if","locations":[{"start":{"line":22,"column":482},"end":{"line":22,"column":522}},{"start":{"line":22,"column":482},"end":{"line":22,"column":522}}],"line":22},"4":{"loc":{"start":{"line":22,"column":486},"end":{"line":22,"column":507}},"type":"binary-expr","locations":[{"start":{"line":22,"column":486},"end":{"line":22,"column":489}},{"start":{"line":22,"column":493},"end":{"line":22,"column":507}}],"line":22},"5":{"loc":{"start":{"line":22,"column":522},"end":{"line":22,"column":626}},"type":"if","locations":[{"start":{"line":22,"column":522},"end":{"line":22,"column":626}},{"start":{"line":22,"column":522},"end":{"line":22,"column":626}}],"line":22},"6":{"loc":{"start":{"line":22,"column":526},"end":{"line":22,"column":596}},"type":"binary-expr","locations":[{"start":{"line":22,"column":526},"end":{"line":22,"column":538}},{"start":{"line":22,"column":542},"end":{"line":22,"column":567}},{"start":{"line":22,"column":571},"end":{"line":22,"column":596}}],"line":22},"7":{"loc":{"start":{"line":22,"column":665},"end":{"line":22,"column":718}},"type":"if","locations":[{"start":{"line":22,"column":665},"end":{"line":22,"column":718}},{"start":{"line":22,"column":665},"end":{"line":22,"column":718}}],"line":22},"8":{"loc":{"start":{"line":22,"column":669},"end":{"line":22,"column":692}},"type":"binary-expr","locations":[{"start":{"line":22,"column":669},"end":{"line":22,"column":674}},{"start":{"line":22,"column":678},"end":{"line":22,"column":692}}],"line":22},"9":{"loc":{"start":{"line":22,"column":762},"end":{"line":22,"column":818}},"type":"binary-expr","locations":[{"start":{"line":22,"column":762},"end":{"line":22,"column":783}},{"start":{"line":22,"column":787},"end":{"line":22,"column":818}}],"line":22},"10":{"loc":{"start":{"line":22,"column":841},"end":{"line":22,"column":1089}},"type":"if","locations":[{"start":{"line":22,"column":841},"end":{"line":22,"column":1089}},{"start":{"line":22,"column":841},"end":{"line":22,"column":1089}}],"line":22},"11":{"loc":{"start":{"line":22,"column":905},"end":{"line":22,"column":977}},"type":"cond-expr","locations":[{"start":{"line":22,"column":929},"end":{"line":22,"column":970}},{"start":{"line":22,"column":973},"end":{"line":22,"column":977}}],"line":22},"12":{"loc":{"start":{"line":22,"column":978},"end":{"line":22,"column":1088}},"type":"if","locations":[{"start":{"line":22,"column":978},"end":{"line":22,"column":1088}},{"start":{"line":22,"column":978},"end":{"line":22,"column":1088}}],"line":22},"13":{"loc":{"start":{"line":22,"column":982},"end":{"line":22,"column":1012}},"type":"binary-expr","locations":[{"start":{"line":22,"column":982},"end":{"line":22,"column":986}},{"start":{"line":22,"column":991},"end":{"line":22,"column":999}},{"start":{"line":22,"column":1003},"end":{"line":22,"column":1011}}],"line":22},"14":{"loc":{"start":{"line":22,"column":1114},"end":{"line":22,"column":1150}},"type":"if","locations":[{"start":{"line":22,"column":1114},"end":{"line":22,"column":1150}},{"start":{"line":22,"column":1114},"end":{"line":22,"column":1150}}],"line":22},"15":{"loc":{"start":{"line":22,"column":1214},"end":{"line":22,"column":1607}},"type":"if","locations":[{"start":{"line":22,"column":1214},"end":{"line":22,"column":1607}},{"start":{"line":22,"column":1214},"end":{"line":22,"column":1607}}],"line":22},"16":{"loc":{"start":{"line":22,"column":1218},"end":{"line":22,"column":1333}},"type":"binary-expr","locations":[{"start":{"line":22,"column":1218},"end":{"line":22,"column":1246}},{"start":{"line":22,"column":1250},"end":{"line":22,"column":1333}}],"line":22},"17":{"loc":{"start":{"line":22,"column":1258},"end":{"line":22,"column":1319}},"type":"cond-expr","locations":[{"start":{"line":22,"column":1289},"end":{"line":22,"column":1304}},{"start":{"line":22,"column":1307},"end":{"line":22,"column":1319}}],"line":22},"18":{"loc":{"start":{"line":22,"column":1437},"end":{"line":22,"column":1603}},"type":"cond-expr","locations":[{"start":{"line":22,"column":1582},"end":{"line":22,"column":1590}},{"start":{"line":22,"column":1593},"end":{"line":22,"column":1603}}],"line":22},"19":{"loc":{"start":{"line":22,"column":1437},"end":{"line":22,"column":1579}},"type":"binary-expr","locations":[{"start":{"line":22,"column":1437},"end":{"line":22,"column":1440}},{"start":{"line":22,"column":1444},"end":{"line":22,"column":1472}},{"start":{"line":22,"column":1476},"end":{"line":22,"column":1502}},{"start":{"line":22,"column":1506},"end":{"line":22,"column":1579}}],"line":22},"20":{"loc":{"start":{"line":22,"column":1515},"end":{"line":22,"column":1578}},"type":"cond-expr","locations":[{"start":{"line":22,"column":1546},"end":{"line":22,"column":1562}},{"start":{"line":22,"column":1565},"end":{"line":22,"column":1578}}],"line":22},"21":{"loc":{"start":{"line":22,"column":1796},"end":{"line":22,"column":1879}},"type":"if","locations":[{"start":{"line":22,"column":1796},"end":{"line":22,"column":1879}},{"start":{"line":22,"column":1796},"end":{"line":22,"column":1879}}],"line":22},"22":{"loc":{"start":{"line":22,"column":2303},"end":{"line":22,"column":2402}},"type":"if","locations":[{"start":{"line":22,"column":2303},"end":{"line":22,"column":2402}},{"start":{"line":22,"column":2303},"end":{"line":22,"column":2402}}],"line":22},"23":{"loc":{"start":{"line":22,"column":2536},"end":{"line":22,"column":2566}},"type":"binary-expr","locations":[{"start":{"line":22,"column":2536},"end":{"line":22,"column":2557}},{"start":{"line":22,"column":2561},"end":{"line":22,"column":2566}}],"line":22},"24":{"loc":{"start":{"line":22,"column":2598},"end":{"line":22,"column":2652}},"type":"if","locations":[{"start":{"line":22,"column":2598},"end":{"line":22,"column":2652}},{"start":{"line":22,"column":2598},"end":{"line":22,"column":2652}}],"line":22},"25":{"loc":{"start":{"line":22,"column":2773},"end":{"line":22,"column":2842}},"type":"if","locations":[{"start":{"line":22,"column":2773},"end":{"line":22,"column":2842}},{"start":{"line":22,"column":2773},"end":{"line":22,"column":2842}}],"line":22},"26":{"loc":{"start":{"line":22,"column":2842},"end":{"line":22,"column":2903}},"type":"if","locations":[{"start":{"line":22,"column":2842},"end":{"line":22,"column":2903}},{"start":{"line":22,"column":2842},"end":{"line":22,"column":2903}}],"line":22},"27":{"loc":{"start":{"line":22,"column":2965},"end":{"line":22,"column":3102}},"type":"if","locations":[{"start":{"line":22,"column":2965},"end":{"line":22,"column":3102}},{"start":{"line":22,"column":2965},"end":{"line":22,"column":3102}}],"line":22},"28":{"loc":{"start":{"line":22,"column":2969},"end":{"line":22,"column":3024}},"type":"binary-expr","locations":[{"start":{"line":22,"column":2969},"end":{"line":22,"column":3001}},{"start":{"line":22,"column":3005},"end":{"line":22,"column":3024}}],"line":22},"29":{"loc":{"start":{"line":22,"column":3137},"end":{"line":22,"column":3171}},"type":"binary-expr","locations":[{"start":{"line":22,"column":3137},"end":{"line":22,"column":3147}},{"start":{"line":22,"column":3151},"end":{"line":22,"column":3171}}],"line":22},"30":{"loc":{"start":{"line":22,"column":3247},"end":{"line":22,"column":3301}},"type":"if","locations":[{"start":{"line":22,"column":3247},"end":{"line":22,"column":3301}},{"start":{"line":22,"column":3247},"end":{"line":22,"column":3301}}],"line":22},"31":{"loc":{"start":{"line":22,"column":3352},"end":{"line":22,"column":3435}},"type":"binary-expr","locations":[{"start":{"line":22,"column":3352},"end":{"line":22,"column":3373}},{"start":{"line":22,"column":3377},"end":{"line":22,"column":3435}}],"line":22},"32":{"loc":{"start":{"line":22,"column":3622},"end":{"line":22,"column":3807}},"type":"if","locations":[{"start":{"line":22,"column":3622},"end":{"line":22,"column":3807}},{"start":{"line":22,"column":3622},"end":{"line":22,"column":3807}}],"line":22},"33":{"loc":{"start":{"line":22,"column":3907},"end":{"line":22,"column":3993}},"type":"if","locations":[{"start":{"line":22,"column":3907},"end":{"line":22,"column":3993}},{"start":{"line":22,"column":3907},"end":{"line":22,"column":3993}}],"line":22},"34":{"loc":{"start":{"line":22,"column":3911},"end":{"line":22,"column":3977}},"type":"binary-expr","locations":[{"start":{"line":22,"column":3911},"end":{"line":22,"column":3915}},{"start":{"line":22,"column":3920},"end":{"line":22,"column":3946}},{"start":{"line":22,"column":3950},"end":{"line":22,"column":3976}}],"line":22},"35":{"loc":{"start":{"line":22,"column":4069},"end":{"line":22,"column":4178}},"type":"if","locations":[{"start":{"line":22,"column":4069},"end":{"line":22,"column":4178}},{"start":{"line":22,"column":4069},"end":{"line":22,"column":4178}}],"line":22},"36":{"loc":{"start":{"line":22,"column":4229},"end":{"line":22,"column":4300}},"type":"if","locations":[{"start":{"line":22,"column":4229},"end":{"line":22,"column":4300}},{"start":{"line":22,"column":4229},"end":{"line":22,"column":4300}}],"line":22},"37":{"loc":{"start":{"line":22,"column":4233},"end":{"line":22,"column":4285}},"type":"binary-expr","locations":[{"start":{"line":22,"column":4233},"end":{"line":22,"column":4263}},{"start":{"line":22,"column":4267},"end":{"line":22,"column":4285}}],"line":22},"38":{"loc":{"start":{"line":22,"column":4300},"end":{"line":22,"column":4341}},"type":"if","locations":[{"start":{"line":22,"column":4300},"end":{"line":22,"column":4341}},{"start":{"line":22,"column":4300},"end":{"line":22,"column":4341}}],"line":22},"39":{"loc":{"start":{"line":22,"column":4341},"end":{"line":22,"column":4386}},"type":"if","locations":[{"start":{"line":22,"column":4341},"end":{"line":22,"column":4386}},{"start":{"line":22,"column":4341},"end":{"line":22,"column":4386}}],"line":22},"40":{"loc":{"start":{"line":22,"column":4552},"end":{"line":22,"column":4677}},"type":"cond-expr","locations":[{"start":{"line":22,"column":4576},"end":{"line":22,"column":4597}},{"start":{"line":22,"column":4600},"end":{"line":22,"column":4677}}],"line":22},"41":{"loc":{"start":{"line":22,"column":4636},"end":{"line":22,"column":4675}},"type":"binary-expr","locations":[{"start":{"line":22,"column":4636},"end":{"line":22,"column":4647}},{"start":{"line":22,"column":4651},"end":{"line":22,"column":4675}}],"line":22},"42":{"loc":{"start":{"line":41,"column":157},"end":{"line":42,"column":81}},"type":"switch","locations":[{"start":{"line":41,"column":197},"end":{"line":42,"column":39}},{"start":{"line":42,"column":39},"end":{"line":42,"column":46}},{"start":{"line":42,"column":46},"end":{"line":42,"column":80}}],"line":41},"43":{"loc":{"start":{"line":45,"column":199},"end":{"line":61,"column":65}},"type":"switch","locations":[{"start":{"line":45,"column":241},"end":{"line":61,"column":22}},{"start":{"line":61,"column":22},"end":{"line":61,"column":29}},{"start":{"line":61,"column":29},"end":{"line":61,"column":64}}],"line":45},"44":{"loc":{"start":{"line":50,"column":16},"end":{"line":52,"column":17}},"type":"if","locations":[{"start":{"line":50,"column":16},"end":{"line":52,"column":17}},{"start":{"line":50,"column":16},"end":{"line":52,"column":17}}],"line":50},"45":{"loc":{"start":{"line":55,"column":20},"end":{"line":60,"column":21}},"type":"if","locations":[{"start":{"line":55,"column":20},"end":{"line":60,"column":21}},{"start":{"line":55,"column":20},"end":{"line":60,"column":21}}],"line":55},"46":{"loc":{"start":{"line":64,"column":156},"end":{"line":91,"column":63}},"type":"switch","locations":[{"start":{"line":64,"column":198},"end":{"line":91,"column":20}},{"start":{"line":91,"column":20},"end":{"line":91,"column":27}},{"start":{"line":91,"column":27},"end":{"line":91,"column":62}}],"line":64},"47":{"loc":{"start":{"line":67,"column":18},"end":{"line":90,"column":19}},"type":"if","locations":[{"start":{"line":67,"column":18},"end":{"line":90,"column":19}},{"start":{"line":67,"column":18},"end":{"line":90,"column":19}}],"line":67},"48":{"loc":{"start":{"line":73,"column":22},"end":{"line":79,"column":23}},"type":"if","locations":[{"start":{"line":73,"column":22},"end":{"line":79,"column":23}},{"start":{"line":73,"column":22},"end":{"line":79,"column":23}}],"line":73},"49":{"loc":{"start":{"line":105,"column":6},"end":{"line":118,"column":7}},"type":"if","locations":[{"start":{"line":105,"column":6},"end":{"line":118,"column":7}},{"start":{"line":105,"column":6},"end":{"line":118,"column":7}}],"line":105},"50":{"loc":{"start":{"line":201,"column":8},"end":{"line":233,"column":110}},"type":"cond-expr","locations":[{"start":{"line":202,"column":8},"end":{"line":224,"column":224}},{"start":{"line":229,"column":8},"end":{"line":233,"column":110}}],"line":201}},"s":{"0":1,"1":1,"2":1,"3":1,"4":1,"5":1,"6":1,"7":1,"8":1,"9":1,"10":2,"11":1,"12":0,"13":1,"14":1,"15":0,"16":1,"17":2,"18":1,"19":1,"20":0,"21":1,"22":1,"23":0,"24":1,"25":1,"26":1,"27":28,"28":28,"29":28,"30":0,"31":28,"32":1,"33":1,"34":1,"35":1,"36":1,"37":1,"38":3,"39":0,"40":0,"41":1,"42":6,"43":6,"44":6,"45":0,"46":0,"47":6,"48":1,"49":5,"50":6,"51":5,"52":5,"53":5,"54":5,"55":6,"56":0,"57":5,"58":2,"59":0,"60":1,"61":1,"62":2,"63":2,"64":2,"65":2,"66":2,"67":2,"68":1,"69":1,"70":1,"71":0,"72":1,"73":1,"74":0,"75":1,"76":1,"77":1,"78":1,"79":0,"80":0,"81":1,"82":1,"83":1,"84":2,"85":2,"86":2,"87":2,"88":0,"89":2,"90":2,"91":2,"92":0,"93":0,"94":0,"95":0,"96":1,"97":0,"98":1,"99":0,"100":1,"101":1,"102":0,"103":0,"104":0,"105":0,"106":1,"107":0,"108":1,"109":1,"110":1,"111":1,"112":2,"113":2,"114":2,"115":2,"116":2,"117":2,"118":2,"119":2,"120":0,"121":2,"122":2,"123":1,"124":2,"125":2,"126":1,"127":1,"128":1,"129":1,"130":1,"131":1,"132":1,"133":1,"134":1,"135":0,"136":0,"137":1,"138":2,"139":1,"140":2,"141":2,"142":2,"143":2,"144":2,"145":2,"146":0,"147":0,"148":0,"149":0,"150":0,"151":0,"152":0,"153":0,"154":0,"155":0,"156":0,"157":0,"158":0,"159":2,"160":1,"161":1,"162":1,"163":1,"164":1,"165":1,"166":0,"167":0,"168":1,"169":2,"170":2,"171":2,"172":2,"173":1,"174":0,"175":0,"176":4,"177":4,"178":4,"179":4,"180":12,"181":4,"182":0,"183":0,"184":0,"185":0,"186":1,"187":0,"188":0,"189":1,"190":1,"191":1,"192":1},"f":{"0":2,"1":1,"2":0,"3":2,"4":1,"5":3,"6":0,"7":6,"8":6,"9":5,"10":5,"11":6,"12":0,"13":2,"14":1,"15":1,"16":1,"17":1,"18":0,"19":1,"20":2,"21":2,"22":0,"23":1,"24":0,"25":1,"26":0,"27":1,"28":2,"29":2,"30":2,"31":2,"32":1,"33":2,"34":1,"35":1,"36":2,"37":2,"38":0,"39":0,"40":1,"41":1,"42":0,"43":4,"44":12,"45":0,"46":0,"47":0,"48":0,"49":1,"50":0,"51":0},"b":{"0":[2,0],"1":[2,2],"2":[0,1],"3":[1,1],"4":[2,2],"5":[0,1],"6":[1,1,0],"7":[0,1],"8":[1,1],"9":[1,1],"10":[28,0],"11":[28,0],"12":[0,28],"13":[28,28,28],"14":[1,0],"15":[1,0],"16":[1,1],"17":[1,0],"18":[0,0],"19":[0,0,0,0],"20":[0,0],"21":[1,5],"22":[0,2],"23":[2,2],"24":[2,0],"25":[1,0],"26":[0,1],"27":[0,1],"28":[1,0],"29":[1,1],"30":[1,0],"31":[1,0],"32":[2,0],"33":[2,0],"34":[2,2,0],"35":[0,0],"36":[0,1],"37":[1,1],"38":[0,1],"39":[1,0],"40":[1,0],"41":[0,0],"42":[2,0,0],"43":[1,1,1],"44":[1,0],"45":[1,0],"46":[2,0,0],"47":[0,0],"48":[0,0],"49":[1,0],"50":[1,3]},"_coverageSchema":"43e27e138ebf9cfc5966b082cf9a028302ed4184","hash":"f2bb7460cff09bf32b03b2e4726e19ffe4caa69e"}
,"C:\\Users\\iqbal\\AndroidStudioProjects\\coronatracker\\app\\data\\api.js": {"path":"C:\\Users\\iqbal\\AndroidStudioProjects\\coronatracker\\app\\data\\api.js","statementMap":{"0":{"start":{"line":1,"column":13},"end":{"line":1,"column":75}},"1":{"start":{"line":1,"column":75},"end":{"line":1,"column":103}},"2":{"start":{"line":1,"column":179},"end":{"line":1,"column":271}},"3":{"start":{"line":1,"column":195},"end":{"line":1,"column":208}},"4":{"start":{"line":1,"column":221},"end":{"line":1,"column":231}},"5":{"start":{"line":1,"column":249},"end":{"line":1,"column":263}},"6":{"start":{"line":1,"column":263},"end":{"line":1,"column":270}},"7":{"start":{"line":1,"column":271},"end":{"line":1,"column":354}},"8":{"start":{"line":1,"column":287},"end":{"line":1,"column":302}},"9":{"start":{"line":1,"column":310},"end":{"line":1,"column":353}},"10":{"start":{"line":1,"column":387},"end":{"line":1,"column":728}},"11":{"start":{"line":1,"column":418},"end":{"line":1,"column":422}},"12":{"start":{"line":1,"column":430},"end":{"line":1,"column":439}},"13":{"start":{"line":1,"column":440},"end":{"line":1,"column":726}},"14":{"start":{"line":1,"column":497},"end":{"line":1,"column":517}},"15":{"start":{"line":1,"column":541},"end":{"line":1,"column":612}},"16":{"start":{"line":1,"column":635},"end":{"line":1,"column":705}},"17":{"start":{"line":1,"column":706},"end":{"line":1,"column":723}},"18":{"start":{"line":1,"column":746},"end":{"line":49,"column":5}},"19":{"start":{"line":4,"column":16},"end":{"line":4,"column":37}},"20":{"start":{"line":5,"column":19},"end":{"line":5,"column":69}},"21":{"start":{"line":7,"column":4},"end":{"line":22,"column":7}},"22":{"start":{"line":8,"column":6},"end":{"line":21,"column":13}},"23":{"start":{"line":15,"column":8},"end":{"line":16,"column":47}},"24":{"start":{"line":15,"column":31},"end":{"line":15,"column":51}},"25":{"start":{"line":16,"column":8},"end":{"line":16,"column":47}},"26":{"start":{"line":19,"column":8},"end":{"line":19,"column":22}},"27":{"start":{"line":25,"column":49},"end":{"line":40,"column":80}},"28":{"start":{"line":25,"column":132},"end":{"line":40,"column":77}},"29":{"start":{"line":25,"column":192},"end":{"line":40,"column":65}},"30":{"start":{"line":25,"column":203},"end":{"line":40,"column":64}},"31":{"start":{"line":26,"column":14},"end":{"line":26,"column":26}},"32":{"start":{"line":26,"column":26},"end":{"line":26,"column":44}},"33":{"start":{"line":26,"column":44},"end":{"line":39,"column":20}},"34":{"start":{"line":29,"column":18},"end":{"line":31,"column":40}},"35":{"start":{"line":35,"column":18},"end":{"line":37,"column":39}},"36":{"start":{"line":39,"column":27},"end":{"line":40,"column":22}},"37":{"start":{"line":40,"column":40},"end":{"line":40,"column":63}},"38":{"start":{"line":40,"column":108},"end":{"line":40,"column":152}},"39":{"start":{"line":40,"column":153},"end":{"line":40,"column":173}},"40":{"start":{"line":44,"column":24},"end":{"line":44,"column":26}},"41":{"start":{"line":45,"column":4},"end":{"line":47,"column":5}},"42":{"start":{"line":46,"column":6},"end":{"line":46,"column":94}},"43":{"start":{"line":48,"column":4},"end":{"line":48,"column":35}},"44":{"start":{"line":52,"column":0},"end":{"line":52,"column":10}},"45":{"start":{"line":52,"column":11},"end":{"line":52,"column":41}}},"fnMap":{"0":{"name":"asyncGeneratorStep","decl":{"start":{"line":1,"column":112},"end":{"line":1,"column":130}},"loc":{"start":{"line":1,"column":178},"end":{"line":1,"column":355}},"line":1},"1":{"name":"_asyncToGenerator","decl":{"start":{"line":1,"column":364},"end":{"line":1,"column":381}},"loc":{"start":{"line":1,"column":386},"end":{"line":1,"column":729}},"line":1},"2":{"name":"(anonymous_2)","decl":{"start":{"line":1,"column":394},"end":{"line":1,"column":395}},"loc":{"start":{"line":1,"column":406},"end":{"line":1,"column":727}},"line":1},"3":{"name":"(anonymous_3)","decl":{"start":{"line":1,"column":459},"end":{"line":1,"column":460}},"loc":{"start":{"line":1,"column":486},"end":{"line":1,"column":724}},"line":1},"4":{"name":"_next","decl":{"start":{"line":1,"column":527},"end":{"line":1,"column":532}},"loc":{"start":{"line":1,"column":540},"end":{"line":1,"column":613}},"line":1},"5":{"name":"_throw","decl":{"start":{"line":1,"column":622},"end":{"line":1,"column":628}},"loc":{"start":{"line":1,"column":634},"end":{"line":1,"column":706}},"line":1},"6":{"name":"call","decl":{"start":{"line":3,"column":17},"end":{"line":3,"column":21}},"loc":{"start":{"line":3,"column":39},"end":{"line":23,"column":3}},"line":3},"7":{"name":"(anonymous_7)","decl":{"start":{"line":7,"column":23},"end":{"line":7,"column":24}},"loc":{"start":{"line":7,"column":50},"end":{"line":22,"column":5}},"line":7},"8":{"name":"(anonymous_8)","decl":{"start":{"line":14,"column":11},"end":{"line":14,"column":12}},"loc":{"start":{"line":14,"column":26},"end":{"line":17,"column":7}},"line":14},"9":{"name":"(anonymous_9)","decl":{"start":{"line":18,"column":6},"end":{"line":18,"column":7}},"loc":{"start":{"line":18,"column":23},"end":{"line":20,"column":7}},"line":18},"10":{"name":"(anonymous_10)","decl":{"start":{"line":25,"column":16},"end":{"line":25,"column":17}},"loc":{"start":{"line":25,"column":28},"end":{"line":40,"column":174}},"line":25},"11":{"name":"_callee","decl":{"start":{"line":25,"column":100},"end":{"line":25,"column":107}},"loc":{"start":{"line":25,"column":120},"end":{"line":40,"column":78}},"line":25},"12":{"name":"_callee$","decl":{"start":{"line":25,"column":172},"end":{"line":25,"column":180}},"loc":{"start":{"line":25,"column":191},"end":{"line":40,"column":66}},"line":25},"13":{"name":"(anonymous_13)","decl":{"start":{"line":28,"column":21},"end":{"line":28,"column":22}},"loc":{"start":{"line":28,"column":41},"end":{"line":33,"column":17}},"line":28},"14":{"name":"(anonymous_14)","decl":{"start":{"line":34,"column":16},"end":{"line":34,"column":17}},"loc":{"start":{"line":34,"column":33},"end":{"line":39,"column":17}},"line":34},"15":{"name":"getLocations","decl":{"start":{"line":40,"column":90},"end":{"line":40,"column":102}},"loc":{"start":{"line":40,"column":107},"end":{"line":40,"column":153}},"line":40},"16":{"name":"objToQuery","decl":{"start":{"line":43,"column":23},"end":{"line":43,"column":33}},"loc":{"start":{"line":43,"column":46},"end":{"line":49,"column":3}},"line":43}},"branchMap":{"0":{"loc":{"start":{"line":1,"column":271},"end":{"line":1,"column":354}},"type":"if","locations":[{"start":{"line":1,"column":271},"end":{"line":1,"column":354}},{"start":{"line":1,"column":271},"end":{"line":1,"column":354}}],"line":1},"1":{"loc":{"start":{"line":15,"column":8},"end":{"line":16,"column":47}},"type":"if","locations":[{"start":{"line":15,"column":8},"end":{"line":16,"column":47}},{"start":{"line":15,"column":8},"end":{"line":16,"column":47}}],"line":15},"2":{"loc":{"start":{"line":25,"column":203},"end":{"line":40,"column":64}},"type":"switch","locations":[{"start":{"line":25,"column":243},"end":{"line":39,"column":20}},{"start":{"line":39,"column":20},"end":{"line":40,"column":22}},{"start":{"line":40,"column":22},"end":{"line":40,"column":29}},{"start":{"line":40,"column":29},"end":{"line":40,"column":63}}],"line":25}},"s":{"0":2,"1":2,"2":12,"3":12,"4":12,"5":0,"6":0,"7":12,"8":5,"9":7,"10":2,"11":7,"12":7,"13":7,"14":7,"15":12,"16":0,"17":7,"18":2,"19":7,"20":7,"21":7,"22":7,"23":5,"24":5,"25":0,"26":0,"27":2,"28":7,"29":17,"30":17,"31":7,"32":7,"33":7,"34":5,"35":0,"36":5,"37":5,"38":7,"39":2,"40":7,"41":7,"42":10,"43":7,"44":2,"45":2},"f":{"0":12,"1":2,"2":7,"3":7,"4":12,"5":0,"6":7,"7":7,"8":5,"9":0,"10":2,"11":7,"12":17,"13":5,"14":0,"15":7,"16":7},"b":{"0":[5,7],"1":[5,0],"2":[7,5,0,5]},"_coverageSchema":"43e27e138ebf9cfc5966b082cf9a028302ed4184","hash":"9635ff185f73e5b2a5c851dcaa5ae893e61b4f16"}
,"C:\\Users\\iqbal\\AndroidStudioProjects\\coronatracker\\app\\helper\\number.js": {"path":"C:\\Users\\iqbal\\AndroidStudioProjects\\coronatracker\\app\\helper\\number.js","statementMap":{"0":{"start":{"line":1,"column":0},"end":{"line":3,"column":2}},"1":{"start":{"line":2,"column":2},"end":{"line":2,"column":76}}},"fnMap":{"0":{"name":"(anonymous_0)","decl":{"start":{"line":1,"column":17},"end":{"line":1,"column":18}},"loc":{"start":{"line":1,"column":34},"end":{"line":3,"column":1}},"line":1}},"branchMap":{},"s":{"0":1,"1":17},"f":{"0":17},"b":{},"_coverageSchema":"43e27e138ebf9cfc5966b082cf9a028302ed4184","hash":"b5f730fd0588bb81799850a27476a841b4354afc"}
,"C:\\Users\\iqbal\\AndroidStudioProjects\\coronatracker\\assets\\images\\pin.png": {"path":"C:\\Users\\iqbal\\AndroidStudioProjects\\coronatracker\\assets\\images\\pin.png","statementMap":{"0":{"start":{"line":1,"column":0},"end":{"line":4,"column":6}}},"fnMap":{},"branchMap":{},"s":{"0":1},"f":{},"b":{},"_coverageSchema":"43e27e138ebf9cfc5966b082cf9a028302ed4184","hash":"37c6a89ff4cfc2464bc9362782247bc949b071cd"}
}
