{"C:\\Users\\iqbal\\AndroidStudioProjects\\coronatracker\\App.js": {"path":"C:\\Users\\iqbal\\AndroidStudioProjects\\coronatracker\\App.js","statementMap":{"0":{"start":{"line":1,"column":13},"end":{"line":1,"column":75}},"1":{"start":{"line":1,"column":75},"end":{"line":1,"column":100}},"2":{"start":{"line":9,"column":13},"end":{"line":9,"column":54}},"3":{"start":{"line":10,"column":19},"end":{"line":10,"column":42}},"4":{"start":{"line":17,"column":18},"end":{"line":17,"column":40}},"5":{"start":{"line":18,"column":28},"end":{"line":18,"column":62}},"6":{"start":{"line":19,"column":23},"end":{"line":19,"column":76}},"7":{"start":{"line":20,"column":33},"end":{"line":20,"column":96}},"8":{"start":{"line":21,"column":11},"end":{"line":21,"column":60}},"9":{"start":{"line":21,"column":80},"end":{"line":21,"column":144}},"10":{"start":{"line":21,"column":183},"end":{"line":21,"column":237}},"11":{"start":{"line":21,"column":275},"end":{"line":21,"column":322}},"12":{"start":{"line":21,"column":310},"end":{"line":21,"column":322}},"13":{"start":{"line":21,"column":334},"end":{"line":21,"column":347}},"14":{"start":{"line":21,"column":348},"end":{"line":21,"column":427}},"15":{"start":{"line":21,"column":412},"end":{"line":21,"column":425}},"16":{"start":{"line":21,"column":427},"end":{"line":21,"column":440}},"17":{"start":{"line":21,"column":480},"end":{"line":21,"column":520}},"18":{"start":{"line":21,"column":508},"end":{"line":21,"column":519}},"19":{"start":{"line":21,"column":520},"end":{"line":21,"column":620}},"20":{"start":{"line":21,"column":595},"end":{"line":21,"column":619}},"21":{"start":{"line":21,"column":632},"end":{"line":21,"column":658}},"22":{"start":{"line":21,"column":659},"end":{"line":21,"column":712}},"23":{"start":{"line":21,"column":689},"end":{"line":21,"column":711}},"24":{"start":{"line":21,"column":725},"end":{"line":21,"column":727}},"25":{"start":{"line":21,"column":756},"end":{"line":21,"column":812}},"26":{"start":{"line":21,"column":813},"end":{"line":21,"column":1084}},"27":{"start":{"line":21,"column":835},"end":{"line":21,"column":1083}},"28":{"start":{"line":21,"column":899},"end":{"line":21,"column":971}},"29":{"start":{"line":21,"column":972},"end":{"line":21,"column":1082}},"30":{"start":{"line":21,"column":1009},"end":{"line":21,"column":1050}},"31":{"start":{"line":21,"column":1058},"end":{"line":21,"column":1081}},"32":{"start":{"line":21,"column":1084},"end":{"line":21,"column":1105}},"33":{"start":{"line":21,"column":1105},"end":{"line":21,"column":1141}},"34":{"start":{"line":21,"column":1117},"end":{"line":21,"column":1140}},"35":{"start":{"line":21,"column":1141},"end":{"line":21,"column":1155}},"36":{"start":{"line":21,"column":1205},"end":{"line":21,"column":1304}},"37":{"start":{"line":21,"column":1246},"end":{"line":21,"column":1303}},"38":{"start":{"line":21,"column":1348},"end":{"line":21,"column":1613}},"39":{"start":{"line":21,"column":1361},"end":{"line":21,"column":1362}},"40":{"start":{"line":21,"column":1405},"end":{"line":21,"column":1413}},"41":{"start":{"line":21,"column":1414},"end":{"line":21,"column":1469}},"42":{"start":{"line":21,"column":1469},"end":{"line":21,"column":1500}},"43":{"start":{"line":21,"column":1500},"end":{"line":21,"column":1554}},"44":{"start":{"line":21,"column":1527},"end":{"line":21,"column":1554}},"45":{"start":{"line":21,"column":1554},"end":{"line":21,"column":1612}},"46":{"start":{"line":21,"column":1675},"end":{"line":21,"column":1744}},"47":{"start":{"line":21,"column":1691},"end":{"line":21,"column":1744}},"48":{"start":{"line":21,"column":1744},"end":{"line":21,"column":1805}},"49":{"start":{"line":21,"column":1761},"end":{"line":21,"column":1805}},"50":{"start":{"line":21,"column":1805},"end":{"line":21,"column":1824}},"51":{"start":{"line":21,"column":1867},"end":{"line":21,"column":2004}},"52":{"start":{"line":21,"column":1929},"end":{"line":21,"column":2003}},"53":{"start":{"line":21,"column":2004},"end":{"line":21,"column":2149}},"54":{"start":{"line":21,"column":2149},"end":{"line":21,"column":2203}},"55":{"start":{"line":21,"column":2165},"end":{"line":21,"column":2203}},"56":{"start":{"line":21,"column":2236},"end":{"line":21,"column":2338}},"57":{"start":{"line":21,"column":2311},"end":{"line":21,"column":2327}},"58":{"start":{"line":21,"column":2327},"end":{"line":21,"column":2336}},"59":{"start":{"line":21,"column":2338},"end":{"line":21,"column":2367}},"60":{"start":{"line":21,"column":2432},"end":{"line":21,"column":2459}},"61":{"start":{"line":21,"column":2460},"end":{"line":21,"column":2759}},"62":{"start":{"line":21,"column":2492},"end":{"line":21,"column":2516}},"63":{"start":{"line":21,"column":2524},"end":{"line":21,"column":2709}},"64":{"start":{"line":21,"column":2572},"end":{"line":21,"column":2605}},"65":{"start":{"line":21,"column":2606},"end":{"line":21,"column":2662}},"66":{"start":{"line":21,"column":2670},"end":{"line":21,"column":2708}},"67":{"start":{"line":21,"column":2709},"end":{"line":21,"column":2757}},"68":{"start":{"line":21,"column":2809},"end":{"line":21,"column":2893}},"69":{"start":{"line":21,"column":2880},"end":{"line":21,"column":2892}},"70":{"start":{"line":21,"column":2893},"end":{"line":21,"column":2929}},"71":{"start":{"line":21,"column":2969},"end":{"line":21,"column":3078}},"72":{"start":{"line":21,"column":2991},"end":{"line":21,"column":3077}},"73":{"start":{"line":21,"column":3078},"end":{"line":21,"column":3090}},"74":{"start":{"line":21,"column":3129},"end":{"line":21,"column":3200}},"75":{"start":{"line":21,"column":3187},"end":{"line":21,"column":3200}},"76":{"start":{"line":21,"column":3200},"end":{"line":21,"column":3241}},"77":{"start":{"line":21,"column":3228},"end":{"line":21,"column":3241}},"78":{"start":{"line":21,"column":3241},"end":{"line":21,"column":3286}},"79":{"start":{"line":21,"column":3274},"end":{"line":21,"column":3286}},"80":{"start":{"line":21,"column":3286},"end":{"line":21,"column":3404}},"81":{"start":{"line":21,"column":3291},"end":{"line":21,"column":3365}},"82":{"start":{"line":21,"column":3365},"end":{"line":21,"column":3377}},"83":{"start":{"line":21,"column":3390},"end":{"line":21,"column":3403}},"84":{"start":{"line":21,"column":3434},"end":{"line":21,"column":3578}},"85":{"start":{"line":21,"column":3529},"end":{"line":21,"column":3576}},"86":{"start":{"line":21,"column":3578},"end":{"line":21,"column":3604}},"87":{"start":{"line":23,"column":6},"end":{"line":239,"column":40}},"88":{"start":{"line":23,"column":29},"end":{"line":23,"column":56}},"89":{"start":{"line":23,"column":69},"end":{"line":23,"column":86}},"90":{"start":{"line":24,"column":33},"end":{"line":24,"column":60}},"91":{"start":{"line":25,"column":4},"end":{"line":25,"column":37}},"92":{"start":{"line":25,"column":37},"end":{"line":41,"column":112}},"93":{"start":{"line":40,"column":44},"end":{"line":41,"column":110}},"94":{"start":{"line":40,"column":105},"end":{"line":41,"column":80}},"95":{"start":{"line":40,"column":116},"end":{"line":41,"column":79}},"96":{"start":{"line":40,"column":163},"end":{"line":40,"column":181}},"97":{"start":{"line":40,"column":181},"end":{"line":41,"column":37}},"98":{"start":{"line":41,"column":55},"end":{"line":41,"column":78}},"99":{"start":{"line":41,"column":112},"end":{"line":60,"column":94}},"100":{"start":{"line":44,"column":59},"end":{"line":60,"column":92}},"101":{"start":{"line":44,"column":122},"end":{"line":60,"column":62}},"102":{"start":{"line":44,"column":133},"end":{"line":60,"column":61}},"103":{"start":{"line":45,"column":14},"end":{"line":45,"column":50}},"104":{"start":{"line":47,"column":14},"end":{"line":47,"column":30}},"105":{"start":{"line":48,"column":14},"end":{"line":48,"column":53}},"106":{"start":{"line":49,"column":14},"end":{"line":51,"column":15}},"107":{"start":{"line":50,"column":16},"end":{"line":50,"column":52}},"108":{"start":{"line":51,"column":15},"end":{"line":51,"column":34}},"109":{"start":{"line":51,"column":34},"end":{"line":60,"column":18}},"110":{"start":{"line":54,"column":16},"end":{"line":59,"column":17}},"111":{"start":{"line":55,"column":18},"end":{"line":55,"column":61}},"112":{"start":{"line":57,"column":18},"end":{"line":57,"column":55}},"113":{"start":{"line":58,"column":18},"end":{"line":58,"column":40}},"114":{"start":{"line":60,"column":36},"end":{"line":60,"column":60}},"115":{"start":{"line":60,"column":94},"end":{"line":90,"column":94}},"116":{"start":{"line":63,"column":41},"end":{"line":90,"column":92}},"117":{"start":{"line":63,"column":104},"end":{"line":90,"column":62}},"118":{"start":{"line":63,"column":115},"end":{"line":90,"column":61}},"119":{"start":{"line":63,"column":164},"end":{"line":63,"column":183}},"120":{"start":{"line":63,"column":183},"end":{"line":90,"column":18}},"121":{"start":{"line":66,"column":16},"end":{"line":89,"column":17}},"122":{"start":{"line":67,"column":31},"end":{"line":67,"column":52}},"123":{"start":{"line":69,"column":36},"end":{"line":69,"column":38}},"124":{"start":{"line":70,"column":32},"end":{"line":70,"column":34}},"125":{"start":{"line":71,"column":18},"end":{"line":79,"column":21}},"126":{"start":{"line":72,"column":20},"end":{"line":78,"column":21}},"127":{"start":{"line":73,"column":22},"end":{"line":75,"column":50}},"128":{"start":{"line":77,"column":22},"end":{"line":77,"column":51}},"129":{"start":{"line":81,"column":18},"end":{"line":82,"column":48}},"130":{"start":{"line":85,"column":18},"end":{"line":85,"column":55}},"131":{"start":{"line":87,"column":18},"end":{"line":87,"column":55}},"132":{"start":{"line":88,"column":18},"end":{"line":88,"column":40}},"133":{"start":{"line":90,"column":36},"end":{"line":90,"column":60}},"134":{"start":{"line":90,"column":94},"end":{"line":126,"column":6}},"135":{"start":{"line":94,"column":19},"end":{"line":94,"column":34}},"136":{"start":{"line":95,"column":21},"end":{"line":99,"column":44}},"137":{"start":{"line":102,"column":24},"end":{"line":102,"column":51}},"138":{"start":{"line":103,"column":19},"end":{"line":103,"column":21}},"139":{"start":{"line":105,"column":6},"end":{"line":118,"column":7}},"140":{"start":{"line":106,"column":8},"end":{"line":114,"column":11}},"141":{"start":{"line":107,"column":10},"end":{"line":112,"column":38}},"142":{"start":{"line":116,"column":8},"end":{"line":116,"column":31}},"143":{"start":{"line":117,"column":8},"end":{"line":117,"column":45}},"144":{"start":{"line":120,"column":6},"end":{"line":124,"column":32}},"145":{"start":{"line":126,"column":6},"end":{"line":126,"column":26}},"146":{"start":{"line":126,"column":26},"end":{"line":126,"column":49}},"147":{"start":{"line":126,"column":49},"end":{"line":126,"column":273}},"148":{"start":{"line":126,"column":273},"end":{"line":126,"column":286}},"149":{"start":{"line":126,"column":287},"end":{"line":239,"column":10}},"150":{"start":{"line":129,"column":6},"end":{"line":129,"column":35}},"151":{"start":{"line":130,"column":6},"end":{"line":130,"column":42}},"152":{"start":{"line":133,"column":18},"end":{"line":133,"column":22}},"153":{"start":{"line":134,"column":24},"end":{"line":134,"column":54}},"154":{"start":{"line":135,"column":17},"end":{"line":135,"column":102}},"155":{"start":{"line":136,"column":20},"end":{"line":141,"column":25}},"156":{"start":{"line":136,"column":54},"end":{"line":141,"column":23}},"157":{"start":{"line":143,"column":6},"end":{"line":233,"column":114}},"158":{"start":{"line":162,"column":56},"end":{"line":162,"column":85}},"159":{"start":{"line":166,"column":29},"end":{"line":167,"column":213}},"160":{"start":{"line":204,"column":36},"end":{"line":204,"column":58}},"161":{"start":{"line":213,"column":69},"end":{"line":213,"column":99}},"162":{"start":{"line":214,"column":54},"end":{"line":224,"column":218}},"163":{"start":{"line":217,"column":39},"end":{"line":217,"column":63}},"164":{"start":{"line":231,"column":36},"end":{"line":231,"column":58}},"165":{"start":{"line":239,"column":10},"end":{"line":239,"column":21}},"166":{"start":{"line":242,"column":13},"end":{"line":283,"column":18}},"167":{"start":{"line":287,"column":0},"end":{"line":287,"column":3}},"168":{"start":{"line":287,"column":4},"end":{"line":287,"column":31}}},"fnMap":{"0":{"name":"_interopRequireDefault","decl":{"start":{"line":21,"column":154},"end":{"line":21,"column":176}},"loc":{"start":{"line":21,"column":182},"end":{"line":21,"column":238}},"line":21},"1":{"name":"_getRequireWildcardCache","decl":{"start":{"line":21,"column":247},"end":{"line":21,"column":271}},"loc":{"start":{"line":21,"column":274},"end":{"line":21,"column":441}},"line":21},"2":{"name":"_getRequireWildcardCache","decl":{"start":{"line":21,"column":384},"end":{"line":21,"column":408}},"loc":{"start":{"line":21,"column":411},"end":{"line":21,"column":426}},"line":21},"3":{"name":"_interopRequireWildcard","decl":{"start":{"line":21,"column":450},"end":{"line":21,"column":473}},"loc":{"start":{"line":21,"column":479},"end":{"line":21,"column":1156}},"line":21},"4":{"name":"_classCallCheck","decl":{"start":{"line":21,"column":1165},"end":{"line":21,"column":1180}},"loc":{"start":{"line":21,"column":1204},"end":{"line":21,"column":1305}},"line":21},"5":{"name":"_defineProperties","decl":{"start":{"line":21,"column":1314},"end":{"line":21,"column":1331}},"loc":{"start":{"line":21,"column":1347},"end":{"line":21,"column":1614}},"line":21},"6":{"name":"_createClass","decl":{"start":{"line":21,"column":1623},"end":{"line":21,"column":1635}},"loc":{"start":{"line":21,"column":1674},"end":{"line":21,"column":1825}},"line":21},"7":{"name":"_inherits","decl":{"start":{"line":21,"column":1834},"end":{"line":21,"column":1843}},"loc":{"start":{"line":21,"column":1866},"end":{"line":21,"column":2204}},"line":21},"8":{"name":"_setPrototypeOf","decl":{"start":{"line":21,"column":2213},"end":{"line":21,"column":2228}},"loc":{"start":{"line":21,"column":2235},"end":{"line":21,"column":2368}},"line":21},"9":{"name":"_setPrototypeOf","decl":{"start":{"line":21,"column":2288},"end":{"line":21,"column":2303}},"loc":{"start":{"line":21,"column":2310},"end":{"line":21,"column":2337}},"line":21},"10":{"name":"_createSuper","decl":{"start":{"line":21,"column":2377},"end":{"line":21,"column":2389}},"loc":{"start":{"line":21,"column":2399},"end":{"line":21,"column":2760}},"line":21},"11":{"name":"(anonymous_11)","decl":{"start":{"line":21,"column":2467},"end":{"line":21,"column":2468}},"loc":{"start":{"line":21,"column":2479},"end":{"line":21,"column":2758}},"line":21},"12":{"name":"_possibleConstructorReturn","decl":{"start":{"line":21,"column":2769},"end":{"line":21,"column":2795}},"loc":{"start":{"line":21,"column":2808},"end":{"line":21,"column":2930}},"line":21},"13":{"name":"_assertThisInitialized","decl":{"start":{"line":21,"column":2939},"end":{"line":21,"column":2961}},"loc":{"start":{"line":21,"column":2968},"end":{"line":21,"column":3091}},"line":21},"14":{"name":"_isNativeReflectConstruct","decl":{"start":{"line":21,"column":3100},"end":{"line":21,"column":3125}},"loc":{"start":{"line":21,"column":3128},"end":{"line":21,"column":3405}},"line":21},"15":{"name":"(anonymous_15)","decl":{"start":{"line":21,"column":3348},"end":{"line":21,"column":3349}},"loc":{"start":{"line":21,"column":3360},"end":{"line":21,"column":3362}},"line":21},"16":{"name":"_getPrototypeOf","decl":{"start":{"line":21,"column":3414},"end":{"line":21,"column":3429}},"loc":{"start":{"line":21,"column":3433},"end":{"line":21,"column":3605}},"line":21},"17":{"name":"_getPrototypeOf","decl":{"start":{"line":21,"column":3509},"end":{"line":21,"column":3524}},"loc":{"start":{"line":21,"column":3528},"end":{"line":21,"column":3577}},"line":21},"18":{"name":"(anonymous_18)","decl":{"start":{"line":23,"column":6},"end":{"line":23,"column":7}},"loc":{"start":{"line":23,"column":28},"end":{"line":239,"column":22}},"line":23},"19":{"name":"App","decl":{"start":{"line":24,"column":11},"end":{"line":24,"column":14}},"loc":{"start":{"line":24,"column":22},"end":{"line":126,"column":287}},"line":24},"20":{"name":"_callee","decl":{"start":{"line":40,"column":33},"end":{"line":40,"column":40}},"loc":{"start":{"line":40,"column":43},"end":{"line":41,"column":111}},"line":40},"21":{"name":"_callee$","decl":{"start":{"line":40,"column":85},"end":{"line":40,"column":93}},"loc":{"start":{"line":40,"column":104},"end":{"line":41,"column":81}},"line":40},"22":{"name":"_callee2","decl":{"start":{"line":44,"column":23},"end":{"line":44,"column":31}},"loc":{"start":{"line":44,"column":43},"end":{"line":60,"column":93}},"line":44},"23":{"name":"_callee2$","decl":{"start":{"line":44,"column":100},"end":{"line":44,"column":109}},"loc":{"start":{"line":44,"column":121},"end":{"line":60,"column":63}},"line":44},"24":{"name":"(anonymous_24)","decl":{"start":{"line":53,"column":19},"end":{"line":53,"column":20}},"loc":{"start":{"line":53,"column":39},"end":{"line":60,"column":15}},"line":53},"25":{"name":"_callee3","decl":{"start":{"line":63,"column":29},"end":{"line":63,"column":37}},"loc":{"start":{"line":63,"column":40},"end":{"line":90,"column":93}},"line":63},"26":{"name":"_callee3$","decl":{"start":{"line":63,"column":82},"end":{"line":63,"column":91}},"loc":{"start":{"line":63,"column":103},"end":{"line":90,"column":63}},"line":63},"27":{"name":"(anonymous_27)","decl":{"start":{"line":65,"column":19},"end":{"line":65,"column":20}},"loc":{"start":{"line":65,"column":39},"end":{"line":90,"column":15}},"line":65},"28":{"name":"(anonymous_28)","decl":{"start":{"line":71,"column":39},"end":{"line":71,"column":40}},"loc":{"start":{"line":71,"column":56},"end":{"line":79,"column":19}},"line":71},"29":{"name":"(anonymous_29)","decl":{"start":{"line":93,"column":16},"end":{"line":93,"column":17}},"loc":{"start":{"line":93,"column":47},"end":{"line":126,"column":5}},"line":93},"30":{"name":"(anonymous_30)","decl":{"start":{"line":106,"column":29},"end":{"line":106,"column":30}},"loc":{"start":{"line":106,"column":46},"end":{"line":114,"column":9}},"line":106},"31":{"name":"renderCallout","decl":{"start":{"line":126,"column":346},"end":{"line":126,"column":359}},"loc":{"start":{"line":128,"column":4},"end":{"line":131,"column":5}},"line":128},"32":{"name":"render","decl":{"start":{"line":131,"column":42},"end":{"line":131,"column":48}},"loc":{"start":{"line":133,"column":4},"end":{"line":239,"column":5}},"line":133},"33":{"name":"(anonymous_33)","decl":{"start":{"line":136,"column":29},"end":{"line":136,"column":30}},"loc":{"start":{"line":136,"column":53},"end":{"line":141,"column":24}},"line":136},"34":{"name":"onValueChange","decl":{"start":{"line":162,"column":34},"end":{"line":162,"column":47}},"loc":{"start":{"line":162,"column":55},"end":{"line":162,"column":86}},"line":162},"35":{"name":"(anonymous_35)","decl":{"start":{"line":166,"column":12},"end":{"line":166,"column":13}},"loc":{"start":{"line":166,"column":28},"end":{"line":167,"column":214}},"line":166},"36":{"name":"ref","decl":{"start":{"line":204,"column":24},"end":{"line":204,"column":27}},"loc":{"start":{"line":204,"column":35},"end":{"line":204,"column":59}},"line":204},"37":{"name":"onRegionChangeComplete","decl":{"start":{"line":213,"column":43},"end":{"line":213,"column":65}},"loc":{"start":{"line":213,"column":68},"end":{"line":213,"column":100}},"line":213},"38":{"name":"(anonymous_38)","decl":{"start":{"line":214,"column":30},"end":{"line":214,"column":31}},"loc":{"start":{"line":214,"column":53},"end":{"line":224,"column":219}},"line":214},"39":{"name":"ref","decl":{"start":{"line":217,"column":28},"end":{"line":217,"column":31}},"loc":{"start":{"line":217,"column":38},"end":{"line":217,"column":64}},"line":217},"40":{"name":"ref","decl":{"start":{"line":231,"column":24},"end":{"line":231,"column":27}},"loc":{"start":{"line":231,"column":35},"end":{"line":231,"column":59}},"line":231}},"branchMap":{"0":{"loc":{"start":{"line":21,"column":190},"end":{"line":21,"column":236}},"type":"cond-expr","locations":[{"start":{"line":21,"column":214},"end":{"line":21,"column":217}},{"start":{"line":21,"column":220},"end":{"line":21,"column":236}}],"line":21},"1":{"loc":{"start":{"line":21,"column":190},"end":{"line":21,"column":211}},"type":"binary-expr","locations":[{"start":{"line":21,"column":190},"end":{"line":21,"column":193}},{"start":{"line":21,"column":197},"end":{"line":21,"column":211}}],"line":21},"2":{"loc":{"start":{"line":21,"column":275},"end":{"line":21,"column":322}},"type":"if","locations":[{"start":{"line":21,"column":275},"end":{"line":21,"column":322}},{"start":{"line":21,"column":275},"end":{"line":21,"column":322}}],"line":21},"3":{"loc":{"start":{"line":21,"column":480},"end":{"line":21,"column":520}},"type":"if","locations":[{"start":{"line":21,"column":480},"end":{"line":21,"column":520}},{"start":{"line":21,"column":480},"end":{"line":21,"column":520}}],"line":21},"4":{"loc":{"start":{"line":21,"column":484},"end":{"line":21,"column":505}},"type":"binary-expr","locations":[{"start":{"line":21,"column":484},"end":{"line":21,"column":487}},{"start":{"line":21,"column":491},"end":{"line":21,"column":505}}],"line":21},"5":{"loc":{"start":{"line":21,"column":520},"end":{"line":21,"column":620}},"type":"if","locations":[{"start":{"line":21,"column":520},"end":{"line":21,"column":620}},{"start":{"line":21,"column":520},"end":{"line":21,"column":620}}],"line":21},"6":{"loc":{"start":{"line":21,"column":524},"end":{"line":21,"column":592}},"type":"binary-expr","locations":[{"start":{"line":21,"column":524},"end":{"line":21,"column":536}},{"start":{"line":21,"column":540},"end":{"line":21,"column":563}},{"start":{"line":21,"column":567},"end":{"line":21,"column":592}}],"line":21},"7":{"loc":{"start":{"line":21,"column":659},"end":{"line":21,"column":712}},"type":"if","locations":[{"start":{"line":21,"column":659},"end":{"line":21,"column":712}},{"start":{"line":21,"column":659},"end":{"line":21,"column":712}}],"line":21},"8":{"loc":{"start":{"line":21,"column":663},"end":{"line":21,"column":686}},"type":"binary-expr","locations":[{"start":{"line":21,"column":663},"end":{"line":21,"column":668}},{"start":{"line":21,"column":672},"end":{"line":21,"column":686}}],"line":21},"9":{"loc":{"start":{"line":21,"column":756},"end":{"line":21,"column":812}},"type":"binary-expr","locations":[{"start":{"line":21,"column":756},"end":{"line":21,"column":777}},{"start":{"line":21,"column":781},"end":{"line":21,"column":812}}],"line":21},"10":{"loc":{"start":{"line":21,"column":835},"end":{"line":21,"column":1083}},"type":"if","locations":[{"start":{"line":21,"column":835},"end":{"line":21,"column":1083}},{"start":{"line":21,"column":835},"end":{"line":21,"column":1083}}],"line":21},"11":{"loc":{"start":{"line":21,"column":899},"end":{"line":21,"column":971}},"type":"cond-expr","locations":[{"start":{"line":21,"column":923},"end":{"line":21,"column":964}},{"start":{"line":21,"column":967},"end":{"line":21,"column":971}}],"line":21},"12":{"loc":{"start":{"line":21,"column":972},"end":{"line":21,"column":1082}},"type":"if","locations":[{"start":{"line":21,"column":972},"end":{"line":21,"column":1082}},{"start":{"line":21,"column":972},"end":{"line":21,"column":1082}}],"line":21},"13":{"loc":{"start":{"line":21,"column":976},"end":{"line":21,"column":1006}},"type":"binary-expr","locations":[{"start":{"line":21,"column":976},"end":{"line":21,"column":980}},{"start":{"line":21,"column":985},"end":{"line":21,"column":993}},{"start":{"line":21,"column":997},"end":{"line":21,"column":1005}}],"line":21},"14":{"loc":{"start":{"line":21,"column":1105},"end":{"line":21,"column":1141}},"type":"if","locations":[{"start":{"line":21,"column":1105},"end":{"line":21,"column":1141}},{"start":{"line":21,"column":1105},"end":{"line":21,"column":1141}}],"line":21},"15":{"loc":{"start":{"line":21,"column":1205},"end":{"line":21,"column":1304}},"type":"if","locations":[{"start":{"line":21,"column":1205},"end":{"line":21,"column":1304}},{"start":{"line":21,"column":1205},"end":{"line":21,"column":1304}}],"line":21},"16":{"loc":{"start":{"line":21,"column":1438},"end":{"line":21,"column":1468}},"type":"binary-expr","locations":[{"start":{"line":21,"column":1438},"end":{"line":21,"column":1459}},{"start":{"line":21,"column":1463},"end":{"line":21,"column":1468}}],"line":21},"17":{"loc":{"start":{"line":21,"column":1500},"end":{"line":21,"column":1554}},"type":"if","locations":[{"start":{"line":21,"column":1500},"end":{"line":21,"column":1554}},{"start":{"line":21,"column":1500},"end":{"line":21,"column":1554}}],"line":21},"18":{"loc":{"start":{"line":21,"column":1675},"end":{"line":21,"column":1744}},"type":"if","locations":[{"start":{"line":21,"column":1675},"end":{"line":21,"column":1744}},{"start":{"line":21,"column":1675},"end":{"line":21,"column":1744}}],"line":21},"19":{"loc":{"start":{"line":21,"column":1744},"end":{"line":21,"column":1805}},"type":"if","locations":[{"start":{"line":21,"column":1744},"end":{"line":21,"column":1805}},{"start":{"line":21,"column":1744},"end":{"line":21,"column":1805}}],"line":21},"20":{"loc":{"start":{"line":21,"column":1867},"end":{"line":21,"column":2004}},"type":"if","locations":[{"start":{"line":21,"column":1867},"end":{"line":21,"column":2004}},{"start":{"line":21,"column":1867},"end":{"line":21,"column":2004}}],"line":21},"21":{"loc":{"start":{"line":21,"column":1871},"end":{"line":21,"column":1926}},"type":"binary-expr","locations":[{"start":{"line":21,"column":1871},"end":{"line":21,"column":1903}},{"start":{"line":21,"column":1907},"end":{"line":21,"column":1926}}],"line":21},"22":{"loc":{"start":{"line":21,"column":2039},"end":{"line":21,"column":2073}},"type":"binary-expr","locations":[{"start":{"line":21,"column":2039},"end":{"line":21,"column":2049}},{"start":{"line":21,"column":2053},"end":{"line":21,"column":2073}}],"line":21},"23":{"loc":{"start":{"line":21,"column":2149},"end":{"line":21,"column":2203}},"type":"if","locations":[{"start":{"line":21,"column":2149},"end":{"line":21,"column":2203}},{"start":{"line":21,"column":2149},"end":{"line":21,"column":2203}}],"line":21},"24":{"loc":{"start":{"line":21,"column":2254},"end":{"line":21,"column":2337}},"type":"binary-expr","locations":[{"start":{"line":21,"column":2254},"end":{"line":21,"column":2275}},{"start":{"line":21,"column":2279},"end":{"line":21,"column":2337}}],"line":21},"25":{"loc":{"start":{"line":21,"column":2524},"end":{"line":21,"column":2709}},"type":"if","locations":[{"start":{"line":21,"column":2524},"end":{"line":21,"column":2709}},{"start":{"line":21,"column":2524},"end":{"line":21,"column":2709}}],"line":21},"26":{"loc":{"start":{"line":21,"column":2809},"end":{"line":21,"column":2893}},"type":"if","locations":[{"start":{"line":21,"column":2809},"end":{"line":21,"column":2893}},{"start":{"line":21,"column":2809},"end":{"line":21,"column":2893}}],"line":21},"27":{"loc":{"start":{"line":21,"column":2813},"end":{"line":21,"column":2877}},"type":"binary-expr","locations":[{"start":{"line":21,"column":2813},"end":{"line":21,"column":2817}},{"start":{"line":21,"column":2822},"end":{"line":21,"column":2846}},{"start":{"line":21,"column":2850},"end":{"line":21,"column":2876}}],"line":21},"28":{"loc":{"start":{"line":21,"column":2969},"end":{"line":21,"column":3078}},"type":"if","locations":[{"start":{"line":21,"column":2969},"end":{"line":21,"column":3078}},{"start":{"line":21,"column":2969},"end":{"line":21,"column":3078}}],"line":21},"29":{"loc":{"start":{"line":21,"column":3129},"end":{"line":21,"column":3200}},"type":"if","locations":[{"start":{"line":21,"column":3129},"end":{"line":21,"column":3200}},{"start":{"line":21,"column":3129},"end":{"line":21,"column":3200}}],"line":21},"30":{"loc":{"start":{"line":21,"column":3133},"end":{"line":21,"column":3185}},"type":"binary-expr","locations":[{"start":{"line":21,"column":3133},"end":{"line":21,"column":3163}},{"start":{"line":21,"column":3167},"end":{"line":21,"column":3185}}],"line":21},"31":{"loc":{"start":{"line":21,"column":3200},"end":{"line":21,"column":3241}},"type":"if","locations":[{"start":{"line":21,"column":3200},"end":{"line":21,"column":3241}},{"start":{"line":21,"column":3200},"end":{"line":21,"column":3241}}],"line":21},"32":{"loc":{"start":{"line":21,"column":3241},"end":{"line":21,"column":3286}},"type":"if","locations":[{"start":{"line":21,"column":3241},"end":{"line":21,"column":3286}},{"start":{"line":21,"column":3241},"end":{"line":21,"column":3286}}],"line":21},"33":{"loc":{"start":{"line":21,"column":3452},"end":{"line":21,"column":3577}},"type":"cond-expr","locations":[{"start":{"line":21,"column":3476},"end":{"line":21,"column":3497}},{"start":{"line":21,"column":3500},"end":{"line":21,"column":3577}}],"line":21},"34":{"loc":{"start":{"line":21,"column":3536},"end":{"line":21,"column":3575}},"type":"binary-expr","locations":[{"start":{"line":21,"column":3536},"end":{"line":21,"column":3547}},{"start":{"line":21,"column":3551},"end":{"line":21,"column":3575}}],"line":21},"35":{"loc":{"start":{"line":40,"column":116},"end":{"line":41,"column":79}},"type":"switch","locations":[{"start":{"line":40,"column":156},"end":{"line":41,"column":37}},{"start":{"line":41,"column":37},"end":{"line":41,"column":44}},{"start":{"line":41,"column":44},"end":{"line":41,"column":78}}],"line":40},"36":{"loc":{"start":{"line":44,"column":133},"end":{"line":60,"column":61}},"type":"switch","locations":[{"start":{"line":44,"column":175},"end":{"line":60,"column":18}},{"start":{"line":60,"column":18},"end":{"line":60,"column":25}},{"start":{"line":60,"column":25},"end":{"line":60,"column":60}}],"line":44},"37":{"loc":{"start":{"line":49,"column":14},"end":{"line":51,"column":15}},"type":"if","locations":[{"start":{"line":49,"column":14},"end":{"line":51,"column":15}},{"start":{"line":49,"column":14},"end":{"line":51,"column":15}}],"line":49},"38":{"loc":{"start":{"line":54,"column":16},"end":{"line":59,"column":17}},"type":"if","locations":[{"start":{"line":54,"column":16},"end":{"line":59,"column":17}},{"start":{"line":54,"column":16},"end":{"line":59,"column":17}}],"line":54},"39":{"loc":{"start":{"line":63,"column":115},"end":{"line":90,"column":61}},"type":"switch","locations":[{"start":{"line":63,"column":157},"end":{"line":90,"column":18}},{"start":{"line":90,"column":18},"end":{"line":90,"column":25}},{"start":{"line":90,"column":25},"end":{"line":90,"column":60}}],"line":63},"40":{"loc":{"start":{"line":66,"column":16},"end":{"line":89,"column":17}},"type":"if","locations":[{"start":{"line":66,"column":16},"end":{"line":89,"column":17}},{"start":{"line":66,"column":16},"end":{"line":89,"column":17}}],"line":66},"41":{"loc":{"start":{"line":72,"column":20},"end":{"line":78,"column":21}},"type":"if","locations":[{"start":{"line":72,"column":20},"end":{"line":78,"column":21}},{"start":{"line":72,"column":20},"end":{"line":78,"column":21}}],"line":72},"42":{"loc":{"start":{"line":105,"column":6},"end":{"line":118,"column":7}},"type":"if","locations":[{"start":{"line":105,"column":6},"end":{"line":118,"column":7}},{"start":{"line":105,"column":6},"end":{"line":118,"column":7}}],"line":105},"43":{"loc":{"start":{"line":201,"column":8},"end":{"line":233,"column":110}},"type":"cond-expr","locations":[{"start":{"line":202,"column":8},"end":{"line":224,"column":221}},{"start":{"line":229,"column":8},"end":{"line":233,"column":110}}],"line":201}},"s":{"0":1,"1":1,"2":1,"3":1,"4":1,"5":1,"6":1,"7":1,"8":1,"9":1,"10":2,"11":1,"12":0,"13":1,"14":1,"15":0,"16":1,"17":2,"18":1,"19":1,"20":0,"21":1,"22":1,"23":0,"24":1,"25":1,"26":1,"27":28,"28":28,"29":28,"30":0,"31":28,"32":1,"33":1,"34":1,"35":1,"36":1,"37":0,"38":1,"39":1,"40":2,"41":2,"42":2,"43":2,"44":2,"45":2,"46":1,"47":1,"48":1,"49":0,"50":1,"51":1,"52":0,"53":1,"54":1,"55":1,"56":1,"57":0,"58":0,"59":1,"60":1,"61":1,"62":1,"63":1,"64":1,"65":1,"66":0,"67":1,"68":1,"69":1,"70":0,"71":0,"72":0,"73":0,"74":1,"75":0,"76":1,"77":0,"78":1,"79":1,"80":0,"81":0,"82":0,"83":0,"84":1,"85":0,"86":1,"87":1,"88":1,"89":1,"90":1,"91":1,"92":1,"93":1,"94":1,"95":1,"96":1,"97":1,"98":0,"99":1,"100":0,"101":0,"102":0,"103":0,"104":0,"105":0,"106":0,"107":0,"108":0,"109":0,"110":0,"111":0,"112":0,"113":0,"114":0,"115":1,"116":1,"117":1,"118":1,"119":1,"120":1,"121":0,"122":0,"123":0,"124":0,"125":0,"126":0,"127":0,"128":0,"129":0,"130":0,"131":0,"132":0,"133":0,"134":1,"135":0,"136":0,"137":0,"138":0,"139":0,"140":0,"141":0,"142":0,"143":0,"144":0,"145":1,"146":1,"147":1,"148":1,"149":1,"150":0,"151":0,"152":1,"153":1,"154":1,"155":1,"156":3,"157":1,"158":0,"159":0,"160":0,"161":0,"162":0,"163":0,"164":0,"165":1,"166":1,"167":1,"168":1},"f":{"0":2,"1":1,"2":0,"3":2,"4":1,"5":1,"6":1,"7":1,"8":1,"9":0,"10":1,"11":1,"12":1,"13":0,"14":1,"15":0,"16":1,"17":0,"18":1,"19":1,"20":1,"21":1,"22":0,"23":0,"24":0,"25":1,"26":1,"27":0,"28":0,"29":0,"30":0,"31":0,"32":1,"33":3,"34":0,"35":0,"36":0,"37":0,"38":0,"39":0,"40":0},"b":{"0":[2,0],"1":[2,2],"2":[0,1],"3":[1,1],"4":[2,2],"5":[0,1],"6":[1,1,0],"7":[0,1],"8":[1,1],"9":[1,1],"10":[28,0],"11":[28,0],"12":[0,28],"13":[28,28,28],"14":[1,0],"15":[0,1],"16":[2,2],"17":[2,0],"18":[1,0],"19":[0,1],"20":[0,1],"21":[1,0],"22":[1,1],"23":[1,0],"24":[1,0],"25":[1,0],"26":[1,0],"27":[1,1,0],"28":[0,0],"29":[0,1],"30":[1,1],"31":[0,1],"32":[1,0],"33":[1,0],"34":[0,0],"35":[1,0,0],"36":[0,0,0],"37":[0,0],"38":[0,0],"39":[1,0,0],"40":[0,0],"41":[0,0],"42":[0,0],"43":[0,1]},"_coverageSchema":"43e27e138ebf9cfc5966b082cf9a028302ed4184","hash":"8f5845e89dbb287da8ca6504891cbcd4c2059aa3"}
,"C:\\Users\\iqbal\\AndroidStudioProjects\\coronatracker\\app\\data\\api.js": {"path":"C:\\Users\\iqbal\\AndroidStudioProjects\\coronatracker\\app\\data\\api.js","statementMap":{"0":{"start":{"line":1,"column":13},"end":{"line":1,"column":75}},"1":{"start":{"line":1,"column":75},"end":{"line":1,"column":100}},"2":{"start":{"line":1,"column":128},"end":{"line":1,"column":186}},"3":{"start":{"line":1,"column":225},"end":{"line":1,"column":279}},"4":{"start":{"line":3,"column":17},"end":{"line":51,"column":5}},"5":{"start":{"line":6,"column":19},"end":{"line":6,"column":69}},"6":{"start":{"line":8,"column":4},"end":{"line":24,"column":7}},"7":{"start":{"line":9,"column":6},"end":{"line":23,"column":13}},"8":{"start":{"line":17,"column":8},"end":{"line":18,"column":47}},"9":{"start":{"line":17,"column":40},"end":{"line":17,"column":53}},"10":{"start":{"line":18,"column":8},"end":{"line":18,"column":47}},"11":{"start":{"line":21,"column":8},"end":{"line":21,"column":22}},"12":{"start":{"line":27,"column":62},"end":{"line":42,"column":93}},"13":{"start":{"line":27,"column":128},"end":{"line":42,"column":63}},"14":{"start":{"line":27,"column":139},"end":{"line":42,"column":62}},"15":{"start":{"line":28,"column":12},"end":{"line":28,"column":24}},"16":{"start":{"line":28,"column":24},"end":{"line":28,"column":42}},"17":{"start":{"line":28,"column":42},"end":{"line":41,"column":16}},"18":{"start":{"line":31,"column":14},"end":{"line":33,"column":36}},"19":{"start":{"line":37,"column":14},"end":{"line":39,"column":35}},"20":{"start":{"line":41,"column":23},"end":{"line":42,"column":20}},"21":{"start":{"line":42,"column":38},"end":{"line":42,"column":61}},"22":{"start":{"line":46,"column":24},"end":{"line":46,"column":26}},"23":{"start":{"line":47,"column":4},"end":{"line":49,"column":5}},"24":{"start":{"line":48,"column":6},"end":{"line":48,"column":94}},"25":{"start":{"line":50,"column":4},"end":{"line":50,"column":35}},"26":{"start":{"line":54,"column":0},"end":{"line":54,"column":10}},"27":{"start":{"line":54,"column":11},"end":{"line":54,"column":38}}},"fnMap":{"0":{"name":"_interopRequireDefault","decl":{"start":{"line":1,"column":196},"end":{"line":1,"column":218}},"loc":{"start":{"line":1,"column":224},"end":{"line":1,"column":280}},"line":1},"1":{"name":"call","decl":{"start":{"line":5,"column":17},"end":{"line":5,"column":21}},"loc":{"start":{"line":5,"column":39},"end":{"line":25,"column":3}},"line":5},"2":{"name":"(anonymous_2)","decl":{"start":{"line":8,"column":23},"end":{"line":8,"column":24}},"loc":{"start":{"line":8,"column":50},"end":{"line":24,"column":5}},"line":8},"3":{"name":"(anonymous_3)","decl":{"start":{"line":16,"column":11},"end":{"line":16,"column":12}},"loc":{"start":{"line":16,"column":26},"end":{"line":19,"column":7}},"line":16},"4":{"name":"(anonymous_4)","decl":{"start":{"line":20,"column":12},"end":{"line":20,"column":13}},"loc":{"start":{"line":20,"column":29},"end":{"line":22,"column":7}},"line":20},"5":{"name":"getLocations","decl":{"start":{"line":27,"column":25},"end":{"line":27,"column":37}},"loc":{"start":{"line":27,"column":50},"end":{"line":42,"column":94}},"line":27},"6":{"name":"getLocations$","decl":{"start":{"line":27,"column":103},"end":{"line":27,"column":116}},"loc":{"start":{"line":27,"column":127},"end":{"line":42,"column":64}},"line":27},"7":{"name":"(anonymous_7)","decl":{"start":{"line":30,"column":17},"end":{"line":30,"column":18}},"loc":{"start":{"line":30,"column":37},"end":{"line":35,"column":13}},"line":30},"8":{"name":"(anonymous_8)","decl":{"start":{"line":36,"column":18},"end":{"line":36,"column":19}},"loc":{"start":{"line":36,"column":35},"end":{"line":41,"column":13}},"line":36},"9":{"name":"objToQuery","decl":{"start":{"line":45,"column":23},"end":{"line":45,"column":33}},"loc":{"start":{"line":45,"column":46},"end":{"line":51,"column":3}},"line":45}},"branchMap":{"0":{"loc":{"start":{"line":1,"column":232},"end":{"line":1,"column":278}},"type":"cond-expr","locations":[{"start":{"line":1,"column":256},"end":{"line":1,"column":259}},{"start":{"line":1,"column":262},"end":{"line":1,"column":278}}],"line":1},"1":{"loc":{"start":{"line":1,"column":232},"end":{"line":1,"column":253}},"type":"binary-expr","locations":[{"start":{"line":1,"column":232},"end":{"line":1,"column":235}},{"start":{"line":1,"column":239},"end":{"line":1,"column":253}}],"line":1},"2":{"loc":{"start":{"line":17,"column":8},"end":{"line":18,"column":47}},"type":"if","locations":[{"start":{"line":17,"column":8},"end":{"line":18,"column":47}},{"start":{"line":17,"column":8},"end":{"line":18,"column":47}}],"line":17},"3":{"loc":{"start":{"line":27,"column":139},"end":{"line":42,"column":62}},"type":"switch","locations":[{"start":{"line":27,"column":179},"end":{"line":41,"column":16}},{"start":{"line":41,"column":16},"end":{"line":42,"column":20}},{"start":{"line":42,"column":20},"end":{"line":42,"column":27}},{"start":{"line":42,"column":27},"end":{"line":42,"column":61}}],"line":27}},"s":{"0":2,"1":2,"2":2,"3":2,"4":2,"5":3,"6":3,"7":3,"8":2,"9":2,"10":0,"11":0,"12":3,"13":7,"14":7,"15":3,"16":3,"17":3,"18":2,"19":0,"20":2,"21":2,"22":3,"23":3,"24":4,"25":3,"26":2,"27":2},"f":{"0":2,"1":3,"2":3,"3":2,"4":0,"5":3,"6":7,"7":2,"8":0,"9":3},"b":{"0":[0,2],"1":[2,2],"2":[2,0],"3":[3,2,0,2]},"_coverageSchema":"43e27e138ebf9cfc5966b082cf9a028302ed4184","hash":"1eca1a73cac75c3f0e414910a42210db91ca38f9"}
,"C:\\Users\\iqbal\\AndroidStudioProjects\\coronatracker\\app\\helper\\number.js": {"path":"C:\\Users\\iqbal\\AndroidStudioProjects\\coronatracker\\app\\helper\\number.js","statementMap":{"0":{"start":{"line":1,"column":0},"end":{"line":3,"column":2}},"1":{"start":{"line":2,"column":2},"end":{"line":2,"column":76}}},"fnMap":{"0":{"name":"(anonymous_0)","decl":{"start":{"line":1,"column":17},"end":{"line":1,"column":18}},"loc":{"start":{"line":1,"column":34},"end":{"line":3,"column":1}},"line":1}},"branchMap":{},"s":{"0":1,"1":4},"f":{"0":4},"b":{},"_coverageSchema":"43e27e138ebf9cfc5966b082cf9a028302ed4184","hash":"b5f730fd0588bb81799850a27476a841b4354afc"}
}
