TN:
SF:C:\Users\iqbal\AndroidStudioProjects\coronatracker\App.js
FN:22,_interopRequireDefault
FN:22,_getRequireWildcardCache
FN:22,_getRequireWildcardCache
FN:22,_interopRequireWildcard
FN:22,_typeof
FN:22,_typeof
FN:22,_typeof
FN:22,asyncGeneratorStep
FN:22,_asyncToGenerator
FN:22,(anonymous_9)
FN:22,(anonymous_10)
FN:22,_next
FN:22,_throw
FN:22,_classCallCheck
FN:22,_defineProperties
FN:22,_createClass
FN:22,_inherits
FN:22,_setPrototypeOf
FN:22,_setPrototypeOf
FN:22,_createSuper
FN:22,(anonymous_20)
FN:22,_possibleConstructorReturn
FN:22,_assertThisInitialized
FN:22,_isNativeReflectConstruct
FN:22,(anonymous_24)
FN:22,_getPrototypeOf
FN:22,_getPrototypeOf
FN:24,(anonymous_27)
FN:25,App
FN:41,_callee
FN:41,_callee$
FN:45,(anonymous_31)
FN:45,_callee2
FN:45,_callee2$
FN:54,(anonymous_34)
FN:61,(anonymous_35)
FN:64,_callee3
FN:64,_callee3$
FN:66,(anonymous_38)
FN:72,(anonymous_39)
FN:94,(anonymous_40)
FN:106,(anonymous_41)
FN:126,renderCallout
FN:131,render
FN:136,(anonymous_44)
FN:162,onValueChange
FN:166,(anonymous_46)
FN:204,ref
FN:213,onRegionChangeComplete
FN:214,(anonymous_49)
FN:217,ref
FN:231,ref
FNF:52
FNH:36
FNDA:2,_interopRequireDefault
FNDA:1,_getRequireWildcardCache
FNDA:0,_getRequireWildcardCache
FNDA:2,_interopRequireWildcard
FNDA:1,_typeof
FNDA:3,_typeof
FNDA:0,_typeof
FNDA:6,asyncGeneratorStep
FNDA:6,_asyncToGenerator
FNDA:5,(anonymous_9)
FNDA:5,(anonymous_10)
FNDA:6,_next
FNDA:0,_throw
FNDA:2,_classCallCheck
FNDA:1,_defineProperties
FNDA:1,_createClass
FNDA:1,_inherits
FNDA:1,_setPrototypeOf
FNDA:0,_setPrototypeOf
FNDA:1,_createSuper
FNDA:2,(anonymous_20)
FNDA:2,_possibleConstructorReturn
FNDA:0,_assertThisInitialized
FNDA:1,_isNativeReflectConstruct
FNDA:0,(anonymous_24)
FNDA:1,_getPrototypeOf
FNDA:0,_getPrototypeOf
FNDA:1,(anonymous_27)
FNDA:2,App
FNDA:2,_callee
FNDA:2,_callee$
FNDA:2,(anonymous_31)
FNDA:1,_callee2
FNDA:2,_callee2$
FNDA:1,(anonymous_34)
FNDA:1,(anonymous_35)
FNDA:2,_callee3
FNDA:2,_callee3$
FNDA:0,(anonymous_38)
FNDA:0,(anonymous_39)
FNDA:1,(anonymous_40)
FNDA:1,(anonymous_41)
FNDA:0,renderCallout
FNDA:4,render
FNDA:12,(anonymous_44)
FNDA:0,onValueChange
FNDA:0,(anonymous_46)
FNDA:0,ref
FNDA:0,onRegionChangeComplete
FNDA:1,(anonymous_49)
FNDA:0,ref
FNDA:0,ref
DA:1,1
DA:9,1
DA:10,1
DA:18,1
DA:19,1
DA:20,1
DA:21,1
DA:22,28
DA:24,1
DA:25,2
DA:26,2
DA:41,2
DA:42,2
DA:45,2
DA:46,1
DA:48,1
DA:49,1
DA:50,1
DA:51,1
DA:52,1
DA:55,1
DA:56,1
DA:58,0
DA:59,0
DA:61,2
DA:64,2
DA:67,0
DA:68,0
DA:70,0
DA:71,0
DA:72,0
DA:73,0
DA:74,0
DA:78,0
DA:82,0
DA:86,0
DA:88,0
DA:89,0
DA:91,2
DA:95,1
DA:102,1
DA:103,1
DA:105,1
DA:106,1
DA:107,1
DA:116,0
DA:117,0
DA:120,1
DA:126,2
DA:129,0
DA:130,0
DA:133,4
DA:134,4
DA:135,4
DA:136,12
DA:143,4
DA:162,0
DA:166,0
DA:204,0
DA:213,0
DA:214,1
DA:217,0
DA:231,0
DA:239,1
DA:242,1
DA:287,1
LF:66
LH:42
BRDA:22,0,0,2
BRDA:22,0,1,0
BRDA:22,1,0,2
BRDA:22,1,1,2
BRDA:22,2,0,0
BRDA:22,2,1,1
BRDA:22,3,0,1
BRDA:22,3,1,1
BRDA:22,4,0,2
BRDA:22,4,1,2
BRDA:22,5,0,0
BRDA:22,5,1,1
BRDA:22,6,0,1
BRDA:22,6,1,1
BRDA:22,6,2,0
BRDA:22,7,0,0
BRDA:22,7,1,1
BRDA:22,8,0,1
BRDA:22,8,1,1
BRDA:22,9,0,1
BRDA:22,9,1,1
BRDA:22,10,0,28
BRDA:22,10,1,0
BRDA:22,11,0,28
BRDA:22,11,1,0
BRDA:22,12,0,0
BRDA:22,12,1,28
BRDA:22,13,0,28
BRDA:22,13,1,28
BRDA:22,13,2,28
BRDA:22,14,0,1
BRDA:22,14,1,0
BRDA:22,15,0,1
BRDA:22,15,1,0
BRDA:22,16,0,1
BRDA:22,16,1,1
BRDA:22,17,0,1
BRDA:22,17,1,0
BRDA:22,18,0,0
BRDA:22,18,1,0
BRDA:22,19,0,0
BRDA:22,19,1,0
BRDA:22,19,2,0
BRDA:22,19,3,0
BRDA:22,20,0,0
BRDA:22,20,1,0
BRDA:22,21,0,1
BRDA:22,21,1,5
BRDA:22,22,0,0
BRDA:22,22,1,2
BRDA:22,23,0,2
BRDA:22,23,1,2
BRDA:22,24,0,2
BRDA:22,24,1,0
BRDA:22,25,0,1
BRDA:22,25,1,0
BRDA:22,26,0,0
BRDA:22,26,1,1
BRDA:22,27,0,0
BRDA:22,27,1,1
BRDA:22,28,0,1
BRDA:22,28,1,0
BRDA:22,29,0,1
BRDA:22,29,1,1
BRDA:22,30,0,1
BRDA:22,30,1,0
BRDA:22,31,0,1
BRDA:22,31,1,0
BRDA:22,32,0,2
BRDA:22,32,1,0
BRDA:22,33,0,2
BRDA:22,33,1,0
BRDA:22,34,0,2
BRDA:22,34,1,2
BRDA:22,34,2,0
BRDA:22,35,0,0
BRDA:22,35,1,0
BRDA:22,36,0,0
BRDA:22,36,1,1
BRDA:22,37,0,1
BRDA:22,37,1,1
BRDA:22,38,0,0
BRDA:22,38,1,1
BRDA:22,39,0,1
BRDA:22,39,1,0
BRDA:22,40,0,1
BRDA:22,40,1,0
BRDA:22,41,0,0
BRDA:22,41,1,0
BRDA:41,42,0,2
BRDA:41,42,1,0
BRDA:41,42,2,0
BRDA:45,43,0,1
BRDA:45,43,1,1
BRDA:45,43,2,1
BRDA:50,44,0,1
BRDA:50,44,1,0
BRDA:55,45,0,1
BRDA:55,45,1,0
BRDA:64,46,0,2
BRDA:64,46,1,0
BRDA:64,46,2,0
BRDA:67,47,0,0
BRDA:67,47,1,0
BRDA:73,48,0,0
BRDA:73,48,1,0
BRDA:105,49,0,1
BRDA:105,49,1,0
BRDA:201,50,0,1
BRDA:201,50,1,3
BRF:110
BRH:61
end_of_record
TN:
SF:C:\Users\iqbal\AndroidStudioProjects\coronatracker\app\data\api.js
FN:1,asyncGeneratorStep
FN:1,_asyncToGenerator
FN:1,(anonymous_2)
FN:1,(anonymous_3)
FN:1,_next
FN:1,_throw
FN:3,call
FN:7,(anonymous_7)
FN:14,(anonymous_8)
FN:18,(anonymous_9)
FN:25,(anonymous_10)
FN:25,_callee
FN:25,_callee$
FN:28,(anonymous_13)
FN:34,(anonymous_14)
FN:40,getLocations
FN:43,objToQuery
FNF:17
FNH:14
FNDA:12,asyncGeneratorStep
FNDA:2,_asyncToGenerator
FNDA:7,(anonymous_2)
FNDA:7,(anonymous_3)
FNDA:12,_next
FNDA:0,_throw
FNDA:7,call
FNDA:7,(anonymous_7)
FNDA:5,(anonymous_8)
FNDA:0,(anonymous_9)
FNDA:2,(anonymous_10)
FNDA:7,_callee
FNDA:17,_callee$
FNDA:5,(anonymous_13)
FNDA:0,(anonymous_14)
FNDA:7,getLocations
FNDA:7,objToQuery
DA:1,12
DA:4,7
DA:5,7
DA:7,7
DA:8,7
DA:15,5
DA:16,0
DA:19,0
DA:25,17
DA:26,7
DA:29,5
DA:35,0
DA:39,5
DA:40,7
DA:44,7
DA:45,7
DA:46,10
DA:48,7
DA:52,2
LF:19
LH:16
BRDA:1,0,0,5
BRDA:1,0,1,7
BRDA:15,1,0,5
BRDA:15,1,1,0
BRDA:25,2,0,7
BRDA:25,2,1,5
BRDA:25,2,2,0
BRDA:25,2,3,5
BRF:8
BRH:6
end_of_record
TN:
SF:C:\Users\iqbal\AndroidStudioProjects\coronatracker\app\helper\number.js
FN:1,(anonymous_0)
FNF:1
FNH:1
FNDA:17,(anonymous_0)
DA:1,1
DA:2,17
LF:2
LH:2
BRF:0
BRH:0
end_of_record
TN:
SF:C:\Users\iqbal\AndroidStudioProjects\coronatracker\assets\images\pin.png
FNF:0
FNH:0
DA:1,1
LF:1
LH:1
BRF:0
BRH:0
end_of_record
