TN:
SF:C:\Users\iqbal\AndroidStudioProjects\coronatracker\App.js
FN:21,_interopRequireDefault
FN:21,_getRequireWildcardCache
FN:21,_getRequireWildcardCache
FN:21,_interopRequireWildcard
FN:21,_classCallCheck
FN:21,_defineProperties
FN:21,_createClass
FN:21,_inherits
FN:21,_setPrototypeOf
FN:21,_setPrototypeOf
FN:21,_createSuper
FN:21,(anonymous_11)
FN:21,_possibleConstructorReturn
FN:21,_assertThisInitialized
FN:21,_isNativeReflectConstruct
FN:21,(anonymous_15)
FN:21,_getPrototypeOf
FN:21,_getPrototypeOf
FN:23,(anonymous_18)
FN:24,App
FN:40,_callee
FN:40,_callee$
FN:44,_callee2
FN:44,_callee2$
FN:53,(anonymous_24)
FN:63,_callee3
FN:63,_callee3$
FN:65,(anonymous_27)
FN:71,(anonymous_28)
FN:93,(anonymous_29)
FN:106,(anonymous_30)
FN:126,renderCallout
FN:131,render
FN:136,(anonymous_33)
FN:162,onValueChange
FN:166,(anonymous_35)
FN:204,ref
FN:213,onRegionChangeComplete
FN:214,(anonymous_38)
FN:217,ref
FN:231,ref
FNF:41
FNH:21
FNDA:2,_interopRequireDefault
FNDA:1,_getRequireWildcardCache
FNDA:0,_getRequireWildcardCache
FNDA:2,_interopRequireWildcard
FNDA:1,_classCallCheck
FNDA:1,_defineProperties
FNDA:1,_createClass
FNDA:1,_inherits
FNDA:1,_setPrototypeOf
FNDA:0,_setPrototypeOf
FNDA:1,_createSuper
FNDA:1,(anonymous_11)
FNDA:1,_possibleConstructorReturn
FNDA:0,_assertThisInitialized
FNDA:1,_isNativeReflectConstruct
FNDA:0,(anonymous_15)
FNDA:1,_getPrototypeOf
FNDA:0,_getPrototypeOf
FNDA:1,(anonymous_18)
FNDA:1,App
FNDA:1,_callee
FNDA:1,_callee$
FNDA:0,_callee2
FNDA:0,_callee2$
FNDA:0,(anonymous_24)
FNDA:1,_callee3
FNDA:1,_callee3$
FNDA:0,(anonymous_27)
FNDA:0,(anonymous_28)
FNDA:0,(anonymous_29)
FNDA:0,(anonymous_30)
FNDA:0,renderCallout
FNDA:1,render
FNDA:3,(anonymous_33)
FNDA:0,onValueChange
FNDA:0,(anonymous_35)
FNDA:0,ref
FNDA:0,onRegionChangeComplete
FNDA:0,(anonymous_38)
FNDA:0,ref
FNDA:0,ref
DA:1,1
DA:9,1
DA:10,1
DA:17,1
DA:18,1
DA:19,1
DA:20,1
DA:21,28
DA:23,1
DA:24,1
DA:25,1
DA:40,1
DA:41,1
DA:44,0
DA:45,0
DA:47,0
DA:48,0
DA:49,0
DA:50,0
DA:51,0
DA:54,0
DA:55,0
DA:57,0
DA:58,0
DA:60,1
DA:63,1
DA:66,0
DA:67,0
DA:69,0
DA:70,0
DA:71,0
DA:72,0
DA:73,0
DA:77,0
DA:81,0
DA:85,0
DA:87,0
DA:88,0
DA:90,1
DA:94,0
DA:95,0
DA:102,0
DA:103,0
DA:105,0
DA:106,0
DA:107,0
DA:116,0
DA:117,0
DA:120,0
DA:126,1
DA:129,0
DA:130,0
DA:133,1
DA:134,1
DA:135,1
DA:136,3
DA:143,1
DA:162,0
DA:166,0
DA:204,0
DA:213,0
DA:214,0
DA:217,0
DA:231,0
DA:239,1
DA:242,1
DA:287,1
LF:67
LH:25
BRDA:21,0,0,2
BRDA:21,0,1,0
BRDA:21,1,0,2
BRDA:21,1,1,2
BRDA:21,2,0,0
BRDA:21,2,1,1
BRDA:21,3,0,1
BRDA:21,3,1,1
BRDA:21,4,0,2
BRDA:21,4,1,2
BRDA:21,5,0,0
BRDA:21,5,1,1
BRDA:21,6,0,1
BRDA:21,6,1,1
BRDA:21,6,2,0
BRDA:21,7,0,0
BRDA:21,7,1,1
BRDA:21,8,0,1
BRDA:21,8,1,1
BRDA:21,9,0,1
BRDA:21,9,1,1
BRDA:21,10,0,28
BRDA:21,10,1,0
BRDA:21,11,0,28
BRDA:21,11,1,0
BRDA:21,12,0,0
BRDA:21,12,1,28
BRDA:21,13,0,28
BRDA:21,13,1,28
BRDA:21,13,2,28
BRDA:21,14,0,1
BRDA:21,14,1,0
BRDA:21,15,0,0
BRDA:21,15,1,1
BRDA:21,16,0,2
BRDA:21,16,1,2
BRDA:21,17,0,2
BRDA:21,17,1,0
BRDA:21,18,0,1
BRDA:21,18,1,0
BRDA:21,19,0,0
BRDA:21,19,1,1
BRDA:21,20,0,0
BRDA:21,20,1,1
BRDA:21,21,0,1
BRDA:21,21,1,0
BRDA:21,22,0,1
BRDA:21,22,1,1
BRDA:21,23,0,1
BRDA:21,23,1,0
BRDA:21,24,0,1
BRDA:21,24,1,0
BRDA:21,25,0,1
BRDA:21,25,1,0
BRDA:21,26,0,1
BRDA:21,26,1,0
BRDA:21,27,0,1
BRDA:21,27,1,1
BRDA:21,27,2,0
BRDA:21,28,0,0
BRDA:21,28,1,0
BRDA:21,29,0,0
BRDA:21,29,1,1
BRDA:21,30,0,1
BRDA:21,30,1,1
BRDA:21,31,0,0
BRDA:21,31,1,1
BRDA:21,32,0,1
BRDA:21,32,1,0
BRDA:21,33,0,1
BRDA:21,33,1,0
BRDA:21,34,0,0
BRDA:21,34,1,0
BRDA:40,35,0,1
BRDA:40,35,1,0
BRDA:40,35,2,0
BRDA:44,36,0,0
BRDA:44,36,1,0
BRDA:44,36,2,0
BRDA:49,37,0,0
BRDA:49,37,1,0
BRDA:54,38,0,0
BRDA:54,38,1,0
BRDA:63,39,0,1
BRDA:63,39,1,0
BRDA:63,39,2,0
BRDA:66,40,0,0
BRDA:66,40,1,0
BRDA:72,41,0,0
BRDA:72,41,1,0
BRDA:105,42,0,0
BRDA:105,42,1,0
BRDA:201,43,0,0
BRDA:201,43,1,1
BRF:94
BRH:48
end_of_record
TN:
SF:C:\Users\iqbal\AndroidStudioProjects\coronatracker\app\data\api.js
FN:1,_interopRequireDefault
FN:5,call
FN:8,(anonymous_2)
FN:16,(anonymous_3)
FN:20,(anonymous_4)
FN:27,getLocations
FN:27,getLocations$
FN:30,(anonymous_7)
FN:36,(anonymous_8)
FN:45,objToQuery
FNF:10
FNH:8
FNDA:2,_interopRequireDefault
FNDA:3,call
FNDA:3,(anonymous_2)
FNDA:2,(anonymous_3)
FNDA:0,(anonymous_4)
FNDA:3,getLocations
FNDA:7,getLocations$
FNDA:2,(anonymous_7)
FNDA:0,(anonymous_8)
FNDA:3,objToQuery
DA:1,2
DA:3,2
DA:6,3
DA:8,3
DA:9,3
DA:17,2
DA:18,0
DA:21,0
DA:27,7
DA:28,3
DA:31,2
DA:37,0
DA:41,2
DA:42,2
DA:46,3
DA:47,3
DA:48,4
DA:50,3
DA:54,2
LF:19
LH:16
BRDA:1,0,0,0
BRDA:1,0,1,2
BRDA:1,1,0,2
BRDA:1,1,1,2
BRDA:17,2,0,2
BRDA:17,2,1,0
BRDA:27,3,0,3
BRDA:27,3,1,2
BRDA:27,3,2,0
BRDA:27,3,3,2
BRF:10
BRH:7
end_of_record
TN:
SF:C:\Users\iqbal\AndroidStudioProjects\coronatracker\app\helper\number.js
FN:1,(anonymous_0)
FNF:1
FNH:1
FNDA:4,(anonymous_0)
DA:1,1
DA:2,4
LF:2
LH:2
BRF:0
BRH:0
end_of_record
